#
# A fatal error has been detected by the Java Runtime Environment:
#
#  SIGSEGV (0xb) at pc=0x00007f76f1628102, pid=17416, tid=140149456504576
#
# JRE version: Java(TM) SE Runtime Environment (8.0_31-b13) (build 1.8.0_31-b13)
# Java VM: Java HotSpot(TM) 64-Bit Server VM (25.31-b07 mixed mode linux-amd64 compressed oops)
# Problematic frame:
# C  [i965_dri.so+0x2fe102]
#
# Failed to write core dump. Core dumps have been disabled. To enable core dumping, try "ulimit -c unlimited" before starting Java again
#
# If you would like to submit a bug report, please visit:
#   http://bugreport.java.com/bugreport/crash.jsp
# The crash happened outside the Java Virtual Machine in native code.
# See problematic frame for where to report the bug.
#

---------------  T H R E A D  ---------------

Current thread (0x00007f776837e800):  JavaThread "AWT-EventQueue-0" [_thread_in_native, id=17454, stack(0x00007f7716820000,0x00007f7716921000)]

siginfo: si_signo: 11 (SIGSEGV), si_code: 1 (SEGV_MAPERR), si_addr: 0x000000000000c540

Registers:
RAX=0x00007f76f16280f0, RBX=0x000000000000c000, RCX=0x0000000000000000, RDX=0x0000000000000001
RSP=0x00007f771691e400, RBP=0x0000000000000000, RSI=0x00007f77000447e0, RDI=0x0000000100000000
R8 =0x0000000000000000, R9 =0x00007f7714dd6a20, R10=0x00007f775901cb98, R11=0x00007f776fa8c460
R12=0x00007f76f468e5a0, R13=0x00007f76f468e0f0, R14=0x00007f76f464d500, R15=0x0000000000000000
RIP=0x00007f76f1628102, EFLAGS=0x0000000000010206, CSGSFS=0x0000000000000033, ERR=0x0000000000000004
  TRAPNO=0x000000000000000e

Top of Stack: (sp=0x00007f771691e400)
0x00007f771691e400:   0000000000000000 00007f7700044700
0x00007f771691e410:   0000000000000000 00007f76f468e5a0
0x00007f771691e420:   00007f76f468e0f0 00007f7714dd6ac2
0x00007f771691e430:   00007f771691e460 00007f7700000000
0x00007f771691e440:   0000000000000000 0000000000000000
0x00007f771691e450:   000000000500003a 00007f7714da7bf1
0x00007f771691e460:   00007f7700044700 43f768f8a3e03700
0x00007f771691e470:   000000000500003a 00007f77151feca8
0x00007f771691e480:   00007f771691e4f0 0000000000000000
0x00007f771691e490:   00007f77151feca8 00007f771691e5b8
0x00007f771691e4a0:   00007f776837e800 00007f76f33ca849
0x00007f771691e4b0:   00000000ec94f008 00007f7714da7c20
0x00007f771691e4c0:   000000000500003a 00007f76f463d6d0
0x00007f771691e4d0:   00007f771691e580 00007f776837e9e8
0x00007f771691e4e0:   00000000ec94f0a8 00007f7714da7c20
0x00007f771691e4f0:   00007f771691e570 00007f775901cbc4
0x00007f771691e500:   00000000ec94f150 00007f7700000000
0x00007f771691e510:   00000000ec94f140 00000000ecf64ed0
0x00007f771691e520:   00000000ecff90b0 00007f771691e710
0x00007f771691e530:   00007f771691e530 0000000000000000
0x00007f771691e540:   00007f771691e5b8 00007f77152004f0
0x00007f771691e550:   0000000000000000 00007f77151feca8
0x00007f771691e560:   0000000000000000 00007f771691e590
0x00007f771691e570:   00007f771691e600 00007f7759007a0d
0x00007f771691e580:   00000000ecfaf4f0 00007f7759013518
0x00007f771691e590:   00007f7714da7c20 00000000ecf64b18
0x00007f771691e5a0:   000000000500003a 0000000000000000
0x00007f771691e5b0:   00007f76f463d6d0 00000000ecfaf820
0x00007f771691e5c0:   00007f771691e5c0 00007f77151febf9
0x00007f771691e5d0:   00007f771691e638 00007f77152004f0
0x00007f771691e5e0:   00007f76e2eda9d8 00007f77151fec08
0x00007f771691e5f0:   00007f771691e590 00007f771691e620 

Instructions: (pc=0x00007f76f1628102)
0x00007f76f16280e2:   41 5c c3 66 66 2e 0f 1f 84 00 00 00 00 00 41 55
0x00007f76f16280f2:   41 54 55 53 48 83 ec 08 48 8b 1f 48 85 db 74 41
0x00007f76f1628102:   f6 83 40 05 00 00 01 89 cd 41 89 d5 49 89 f4 75
0x00007f76f1628112:   75 41 83 e5 01 75 5f 83 e5 fd 74 32 48 8d 35 9b 

Register to memory mapping:

RAX=0x00007f76f16280f0: <offset 0x2fe0f0> in /usr/lib/x86_64-linux-gnu/dri/i965_dri.so at 0x00007f76f132a000
RBX=0x000000000000c000 is an unknown value
RCX=0x0000000000000000 is an unknown value
RDX=0x0000000000000001 is an unknown value
RSP=0x00007f771691e400 is pointing into the stack for thread: 0x00007f776837e800
RBP=0x0000000000000000 is an unknown value
RSI=0x00007f77000447e0 is an unknown value
RDI=0x0000000100000000 is pointing into metadata
R8 =0x0000000000000000 is an unknown value
R9 =0x00007f7714dd6a20: <offset 0x4ba20> in /usr/lib/x86_64-linux-gnu/libGL.so.1 at 0x00007f7714d8b000
R10=0x00007f775901cb98 is at code_begin+1528 in an Interpreter codelet
method entry point (kind = native)  [0x00007f775901c5a0, 0x00007f775901d4e0]  3904 bytes
R11=0x00007f776fa8c460: <offset 0x97e460> in /usr/lib/jvm/jdk1.8.0_31/jre/lib/amd64/server/libjvm.so at 0x00007f776f10e000
R12=0x00007f76f468e5a0 is an unknown value
R13=0x00007f76f468e0f0 is an unknown value
R14=0x00007f76f464d500 is an unknown value
R15=0x0000000000000000 is an unknown value


Stack: [0x00007f7716820000,0x00007f7716921000],  sp=0x00007f771691e400,  free space=1017k
Native frames: (J=compiled Java code, j=interpreted, Vv=VM code, C=native code)
C  [i965_dri.so+0x2fe102]

Java frames: (J=compiled Java code, j=interpreted, Vv=VM code)
j  jogamp.opengl.x11.glx.GLX.dispatch_glXSwapBuffers0(JJJ)V+0
j  jogamp.opengl.x11.glx.GLX.glXSwapBuffers(JJ)V+41
j  jogamp.opengl.x11.glx.X11GLXDrawable.swapBuffersImpl(Z)V+17
j  jogamp.opengl.GLDrawableImpl.swapBuffers()V+67
j  javax.media.opengl.awt.GLCanvas$12.run()V+45
J 1432 C1 java.awt.event.InvocationEvent.dispatch()V (69 bytes) @ 0x00007f775950f02c [0x00007f775950eee0+0x14c]
J 1528 C1 java.awt.EventQueue.dispatchEventImpl(Ljava/awt/AWTEvent;Ljava/lang/Object;)V (149 bytes) @ 0x00007f775957cca4 [0x00007f775957b380+0x1924]
J 1526 C1 java.awt.EventQueue$3.run()Ljava/lang/Void; (60 bytes) @ 0x00007f7759579854 [0x00007f7759579640+0x214]
J 1525 C1 java.awt.EventQueue$3.run()Ljava/lang/Object; (5 bytes) @ 0x00007f7759579f54 [0x00007f7759579ec0+0x94]
v  ~StubRoutines::call_stub
J 1280  java.security.AccessController.doPrivileged(Ljava/security/PrivilegedAction;Ljava/security/AccessControlContext;)Ljava/lang/Object; (0 bytes) @ 0x00007f77594a8923 [0x00007f77594a88c0+0x63]
J 1395 C1 java.awt.EventQueue.dispatchEvent(Ljava/awt/AWTEvent;)V (80 bytes) @ 0x00007f77594f2f5c [0x00007f77594f26a0+0x8bc]
J 1403 C1 java.awt.EventDispatchThread.pumpOneEventForFilters(I)V (295 bytes) @ 0x00007f77594fc71c [0x00007f77594fab20+0x1bfc]
j  java.awt.EventDispatchThread.pumpEventsForFilter(ILjava/awt/Conditional;Ljava/awt/EventFilter;)V+35
j  java.awt.EventDispatchThread.pumpEventsForHierarchy(ILjava/awt/Conditional;Ljava/awt/Component;)V+11
j  java.awt.EventDispatchThread.pumpEvents(ILjava/awt/Conditional;)V+4
j  java.awt.EventDispatchThread.pumpEvents(Ljava/awt/Conditional;)V+3
j  java.awt.EventDispatchThread.run()V+9
v  ~StubRoutines::call_stub

---------------  P R O C E S S  ---------------

Java Threads: ( => current thread )
  0x00007f7701554800 JavaThread "Thread-4" [_thread_blocked, id=17487, stack(0x00007f76eafe8000,0x00007f76eb0e9000)]
  0x00007f770153e000 JavaThread "Java Sound Event Dispatcher" daemon [_thread_blocked, id=17481, stack(0x00007f76f0088000,0x00007f76f0189000)]
  0x00007f76f4210800 JavaThread "Animation Thread-SharedResourceRunner" daemon [_thread_blocked, id=17468, stack(0x00007f7715c86000,0x00007f7715d87000)]
  0x00007f76f419e000 JavaThread "process reaper" daemon [_thread_blocked, id=17459, stack(0x00007f77164b0000,0x00007f77164e9000)]
  0x00007f776800f000 JavaThread "DestroyJavaVM" [_thread_blocked, id=17418, stack(0x00007f7770b3d000,0x00007f7770c3e000)]
  0x00007f776838c800 JavaThread "Animation Thread" [_thread_blocked, id=17455, stack(0x00007f771671f000,0x00007f7716820000)]
=>0x00007f776837e800 JavaThread "AWT-EventQueue-0" [_thread_in_native, id=17454, stack(0x00007f7716820000,0x00007f7716921000)]
  0x00007f776837c800 JavaThread "AWT-Shutdown" [_thread_blocked, id=17453, stack(0x00007f7716921000,0x00007f7716a22000)]
  0x00007f7768330000 JavaThread "AWT-XAWT" daemon [_thread_blocked, id=17451, stack(0x00007f7716d23000,0x00007f7716e24000)]
  0x00007f7768304000 JavaThread "Java2D Disposer" daemon [_thread_blocked, id=17450, stack(0x00007f7717235000,0x00007f7717336000)]
  0x00007f77680d6000 JavaThread "Service Thread" daemon [_thread_blocked, id=17448, stack(0x00007f7755041000,0x00007f7755142000)]
  0x00007f77680c9000 JavaThread "C1 CompilerThread2" daemon [_thread_blocked, id=17447, stack(0x00007f7755142000,0x00007f7755243000)]
  0x00007f77680c7000 JavaThread "C2 CompilerThread1" daemon [_thread_blocked, id=17446, stack(0x00007f7755243000,0x00007f7755344000)]
  0x00007f77680c4000 JavaThread "C2 CompilerThread0" daemon [_thread_blocked, id=17445, stack(0x00007f7755344000,0x00007f7755445000)]
  0x00007f7734001000 JavaThread "JDWP Command Reader" daemon [_thread_in_native, id=17431, stack(0x00007f7755445000,0x00007f7755546000)]
  0x00007f77680c2000 JavaThread "JDWP Event Helper Thread" daemon [_thread_blocked, id=17428, stack(0x00007f7755546000,0x00007f7755647000)]
  0x00007f77680be800 JavaThread "JDWP Transport Listener: dt_socket" daemon [_thread_blocked, id=17427, stack(0x00007f7755647000,0x00007f7755748000)]
  0x00007f77680ae000 JavaThread "Signal Dispatcher" daemon [_thread_blocked, id=17426, stack(0x00007f775594c000,0x00007f7755a4d000)]
  0x00007f7768081800 JavaThread "Finalizer" daemon [_thread_blocked, id=17425, stack(0x00007f7755a4d000,0x00007f7755b4e000)]
  0x00007f776807f800 JavaThread "Reference Handler" daemon [_thread_blocked, id=17424, stack(0x00007f7755b4e000,0x00007f7755c4f000)]

Other Threads:
  0x00007f776807a800 VMThread [stack: 0x00007f7755c4f000,0x00007f7755d50000] [id=17423]
  0x00007f77680e8800 WatcherThread [stack: 0x00007f7754f40000,0x00007f7755041000] [id=17449]

VM state:not at safepoint (normal execution)

VM Mutex/Monitor currently owned by a thread: None

Heap:
 PSYoungGen      total 18432K, used 13430K [0x00000000ebf00000, 0x00000000ed380000, 0x0000000100000000)
  eden space 15872K, 68% used [0x00000000ebf00000,0x00000000ec9a1070,0x00000000ece80000)
  from space 2560K, 99% used [0x00000000ece80000,0x00000000ed0fc8a0,0x00000000ed100000)
  to   space 2560K, 0% used [0x00000000ed100000,0x00000000ed100000,0x00000000ed380000)
 ParOldGen       total 42496K, used 11275K [0x00000000c3c00000, 0x00000000c6580000, 0x00000000ebf00000)
  object space 42496K, 26% used [0x00000000c3c00000,0x00000000c4702c70,0x00000000c6580000)
 Metaspace       used 18409K, capacity 18573K, committed 18688K, reserved 1067008K
  class space    used 1724K, capacity 1789K, committed 1792K, reserved 1048576K

Card table byte_map: [0x00007f776ccad000,0x00007f776ce90000] byte_map_base: 0x00007f776c68f000

Marking Bits: (ParMarkBitMap*) 0x00007f77700692a0
 Begin Bits: [0x00007f77571e0000, 0x00007f77580f0000)
 End Bits:   [0x00007f77580f0000, 0x00007f7759000000)

Polling page: 0x00007f7770c90000

CodeCache: size=245760Kb used=6174Kb max_used=6180Kb free=239585Kb
 bounds [0x00007f7759000000, 0x00007f7759610000, 0x00007f7768000000]
 total_blobs=2616 nmethods=1672 adapters=867
 compilation: enabled

Compilation events (10 events):
Event: 12.227 Thread 0x00007f77680c7000 1673       4       jogamp.opengl.gl4.GL4bcImpl::glDisableVertexAttribArray (50 bytes)
Event: 12.236 Thread 0x00007f77680c7000 nmethod 1673 0x00007f775960a2d0 code [0x00007f775960a460, 0x00007f775960a6e8]
Event: 12.283 Thread 0x00007f77680c9000 1675       3       java.lang.Character::<init> (10 bytes)
Event: 12.284 Thread 0x00007f77680c9000 nmethod 1675 0x00007f7759609b10 code [0x00007f7759609c80, 0x00007f7759609e30]
Event: 12.284 Thread 0x00007f77680c9000 1676       3       java.lang.Character::valueOf (21 bytes)
Event: 12.285 Thread 0x00007f77680c9000 nmethod 1676 0x00007f7759609590 code [0x00007f7759609700, 0x00007f77596099b0]
Event: 12.285 Thread 0x00007f77680c9000 1677       3       sun.awt.X11.XKeysym$Keysym2JavaKeycode::<init> (15 bytes)
Event: 12.286 Thread 0x00007f77680c9000 nmethod 1677 0x00007f77596091d0 code [0x00007f7759609340, 0x00007f77596094f0]
Event: 12.296 Thread 0x00007f77680c9000 1678       1       java.awt.event.InputEvent::isConsumed (5 bytes)
Event: 12.297 Thread 0x00007f77680c9000 nmethod 1678 0x00007f7759608f10 code [0x00007f7759609060, 0x00007f7759609170]

GC Heap History (6 events):
Event: 1.230 GC heap before
{Heap before GC invocations=1 (full 0):
 PSYoungGen      total 18432K, used 15707K [0x00000000ebf00000, 0x00000000ed380000, 0x0000000100000000)
  eden space 15872K, 98% used [0x00000000ebf00000,0x00000000ece56d90,0x00000000ece80000)
  from space 2560K, 0% used [0x00000000ed100000,0x00000000ed100000,0x00000000ed380000)
  to   space 2560K, 0% used [0x00000000ece80000,0x00000000ece80000,0x00000000ed100000)
 ParOldGen       total 42496K, used 0K [0x00000000c3c00000, 0x00000000c6580000, 0x00000000ebf00000)
  object space 42496K, 0% used [0x00000000c3c00000,0x00000000c3c00000,0x00000000c6580000)
 Metaspace       used 12727K, capacity 12872K, committed 12928K, reserved 1060864K
  class space    used 1355K, capacity 1408K, committed 1408K, reserved 1048576K
Event: 1.235 GC heap after
Heap after GC invocations=1 (full 0):
 PSYoungGen      total 18432K, used 2529K [0x00000000ebf00000, 0x00000000ed380000, 0x0000000100000000)
  eden space 15872K, 0% used [0x00000000ebf00000,0x00000000ebf00000,0x00000000ece80000)
  from space 2560K, 98% used [0x00000000ece80000,0x00000000ed0f8480,0x00000000ed100000)
  to   space 2560K, 0% used [0x00000000ed100000,0x00000000ed100000,0x00000000ed380000)
 ParOldGen       total 42496K, used 1574K [0x00000000c3c00000, 0x00000000c6580000, 0x00000000ebf00000)
  object space 42496K, 3% used [0x00000000c3c00000,0x00000000c3d89ad8,0x00000000c6580000)
 Metaspace       used 12727K, capacity 12872K, committed 12928K, reserved 1060864K
  class space    used 1355K, capacity 1408K, committed 1408K, reserved 1048576K
}
Event: 1.770 GC heap before
{Heap before GC invocations=2 (full 0):
 PSYoungGen      total 18432K, used 17930K [0x00000000ebf00000, 0x00000000ed380000, 0x0000000100000000)
  eden space 15872K, 97% used [0x00000000ebf00000,0x00000000ece0a668,0x00000000ece80000)
  from space 2560K, 98% used [0x00000000ece80000,0x00000000ed0f8480,0x00000000ed100000)
  to   space 2560K, 0% used [0x00000000ed100000,0x00000000ed100000,0x00000000ed380000)
 ParOldGen       total 42496K, used 1574K [0x00000000c3c00000, 0x00000000c6580000, 0x00000000ebf00000)
  object space 42496K, 3% used [0x00000000c3c00000,0x00000000c3d89ad8,0x00000000c6580000)
 Metaspace       used 17472K, capacity 17621K, committed 17920K, reserved 1064960K
  class space    used 1695K, capacity 1753K, committed 1792K, reserved 1048576K
Event: 1.777 GC heap after
Heap after GC invocations=2 (full 0):
 PSYoungGen      total 18432K, used 2546K [0x00000000ebf00000, 0x00000000ed380000, 0x0000000100000000)
  eden space 15872K, 0% used [0x00000000ebf00000,0x00000000ebf00000,0x00000000ece80000)
  from space 2560K, 99% used [0x00000000ed100000,0x00000000ed37c860,0x00000000ed380000)
  to   space 2560K, 0% used [0x00000000ece80000,0x00000000ece80000,0x00000000ed100000)
 ParOldGen       total 42496K, used 5123K [0x00000000c3c00000, 0x00000000c6580000, 0x00000000ebf00000)
  object space 42496K, 12% used [0x00000000c3c00000,0x00000000c4100cc8,0x00000000c6580000)
 Metaspace       used 17472K, capacity 17621K, committed 17920K, reserved 1064960K
  class space    used 1695K, capacity 1753K, committed 1792K, reserved 1048576K
}
Event: 6.075 GC heap before
{Heap before GC invocations=3 (full 0):
 PSYoungGen      total 18432K, used 18418K [0x00000000ebf00000, 0x00000000ed380000, 0x0000000100000000)
  eden space 15872K, 100% used [0x00000000ebf00000,0x00000000ece80000,0x00000000ece80000)
  from space 2560K, 99% used [0x00000000ed100000,0x00000000ed37c860,0x00000000ed380000)
  to   space 2560K, 0% used [0x00000000ece80000,0x00000000ece80000,0x00000000ed100000)
 ParOldGen       total 42496K, used 5123K [0x00000000c3c00000, 0x00000000c6580000, 0x00000000ebf00000)
  object space 42496K, 12% used [0x00000000c3c00000,0x00000000c4100cc8,0x00000000c6580000)
 Metaspace       used 17956K, capacity 18093K, committed 18176K, reserved 1064960K
  class space    used 1706K, capacity 1757K, committed 1792K, reserved 1048576K
Event: 6.083 GC heap after
Heap after GC invocations=3 (full 0):
 PSYoungGen      total 18432K, used 2546K [0x00000000ebf00000, 0x00000000ed380000, 0x0000000100000000)
  eden space 15872K, 0% used [0x00000000ebf00000,0x00000000ebf00000,0x00000000ece80000)
  from space 2560K, 99% used [0x00000000ece80000,0x00000000ed0fc8a0,0x00000000ed100000)
  to   space 2560K, 0% used [0x00000000ed100000,0x00000000ed100000,0x00000000ed380000)
 ParOldGen       total 42496K, used 11275K [0x00000000c3c00000, 0x00000000c6580000, 0x00000000ebf00000)
  object space 42496K, 26% used [0x00000000c3c00000,0x00000000c4702c70,0x00000000c6580000)
 Metaspace       used 17956K, capacity 18093K, committed 18176K, reserved 1064960K
  class space    used 1706K, capacity 1757K, committed 1792K, reserved 1048576K
}

Deoptimization events (10 events):
Event: 1.698 Thread 0x00007f776837e800 Uncommon trap: reason=unreached action=reinterpret pc=0x00007f775933fb48 method=com.jogamp.common.util.IntIntHashMap.get(I)I @ 19
Event: 1.716 Thread 0x00007f776837e800 Uncommon trap: reason=unreached action=reinterpret pc=0x00007f7759305fac method=java.lang.reflect.AccessibleObject.setAccessible0(Ljava/lang/reflect/AccessibleObject;Z)V @ 4
Event: 1.841 Thread 0x00007f776837e800 Uncommon trap: reason=class_check action=maybe_recompile pc=0x00007f775934b0e0 method=com.jogamp.common.nio.Buffers.isDirect(Ljava/lang/Object;)Z @ 13
Event: 1.841 Thread 0x00007f776837e800 Uncommon trap: reason=class_check action=maybe_recompile pc=0x00007f775934aea4 method=com.jogamp.common.nio.Buffers.getDirectBufferByteOffset(Ljava/lang/Object;)I @ 7
Event: 1.841 Thread 0x00007f776837e800 Uncommon trap: reason=class_check action=maybe_recompile pc=0x00007f775934b0e0 method=com.jogamp.common.nio.Buffers.isDirect(Ljava/lang/Object;)Z @ 13
Event: 1.841 Thread 0x00007f776837e800 Uncommon trap: reason=class_check action=maybe_recompile pc=0x00007f775934aea4 method=com.jogamp.common.nio.Buffers.getDirectBufferByteOffset(Ljava/lang/Object;)I @ 7
Event: 1.842 Thread 0x00007f776837e800 Uncommon trap: reason=class_check action=maybe_recompile pc=0x00007f775934b0e0 method=com.jogamp.common.nio.Buffers.isDirect(Ljava/lang/Object;)Z @ 13
Event: 1.842 Thread 0x00007f776837e800 Uncommon trap: reason=class_check action=maybe_recompile pc=0x00007f775934aea4 method=com.jogamp.common.nio.Buffers.getDirectBufferByteOffset(Ljava/lang/Object;)I @ 7
Event: 1.852 Thread 0x00007f776837e800 Uncommon trap: reason=class_check action=maybe_recompile pc=0x00007f775934b0e0 method=com.jogamp.common.nio.Buffers.isDirect(Ljava/lang/Object;)Z @ 13
Event: 1.852 Thread 0x00007f776837e800 Uncommon trap: reason=class_check action=maybe_recompile pc=0x00007f775934aea4 method=com.jogamp.common.nio.Buffers.getDirectBufferByteOffset(Ljava/lang/Object;)I @ 7

Internal exceptions (10 events):
Event: 1.850 Thread 0x00007f776838c800 Exception <a 'java/security/PrivilegedActionException'> (0x00000000ec1e8708) thrown at [/HUDSON/workspace/8-2-build-linux-amd64/jdk8u31/2394/hotspot/src/share/vm/prims/jvm.cpp, line 1312]
Event: 1.851 Thread 0x00007f776837e800 Exception <a 'java/lang/reflect/InvocationTargetException'> (0x00000000ec1c33e8) thrown at [/HUDSON/workspace/8-2-build-linux-amd64/jdk8u31/2394/hotspot/src/share/vm/runtime/reflection.cpp, line 1080]
Event: 1.897 Thread 0x00007f776837e800 Exception <a 'java/security/PrivilegedActionException'> (0x00000000ec55b540) thrown at [/HUDSON/workspace/8-2-build-linux-amd64/jdk8u31/2394/hotspot/src/share/vm/prims/jvm.cpp, line 1312]
Event: 1.933 Thread 0x00007f776837e800 Exception <a 'java/lang/reflect/InvocationTargetException'> (0x00000000ec7a57e0) thrown at [/HUDSON/workspace/8-2-build-linux-amd64/jdk8u31/2394/hotspot/src/share/vm/runtime/reflection.cpp, line 1080]
Event: 1.934 Thread 0x00007f776837e800 Exception <a 'java/lang/reflect/InvocationTargetException'> (0x00000000ec7a5bf0) thrown at [/HUDSON/workspace/8-2-build-linux-amd64/jdk8u31/2394/hotspot/src/share/vm/runtime/reflection.cpp, line 1080]
Event: 1.964 Thread 0x00007f776837e800 Exception <a 'java/lang/reflect/InvocationTargetException'> (0x00000000ec7a95f0) thrown at [/HUDSON/workspace/8-2-build-linux-amd64/jdk8u31/2394/hotspot/src/share/vm/runtime/reflection.cpp, line 1080]
Event: 1.965 Thread 0x00007f776837e800 Exception <a 'java/lang/reflect/InvocationTargetException'> (0x00000000ec7a9a00) thrown at [/HUDSON/workspace/8-2-build-linux-amd64/jdk8u31/2394/hotspot/src/share/vm/runtime/reflection.cpp, line 1080]
Event: 1.987 Thread 0x00007f776837e800 Exception <a 'java/lang/reflect/InvocationTargetException'> (0x00000000ec7ac570) thrown at [/HUDSON/workspace/8-2-build-linux-amd64/jdk8u31/2394/hotspot/src/share/vm/runtime/reflection.cpp, line 1080]
Event: 1.988 Thread 0x00007f776837e800 Exception <a 'java/lang/reflect/InvocationTargetException'> (0x00000000ec7ac980) thrown at [/HUDSON/workspace/8-2-build-linux-amd64/jdk8u31/2394/hotspot/src/share/vm/runtime/reflection.cpp, line 1080]
Event: 2.020 Thread 0x00007f776837e800 Exception <a 'java/lang/reflect/InvocationTargetException'> (0x00000000ec7b2db0) thrown at [/HUDSON/workspace/8-2-build-linux-amd64/jdk8u31/2394/hotspot/src/share/vm/runtime/reflection.cpp, line 1080]

Events (10 events):
Event: 12.315 Thread 0x00007f776837e800 DEOPT PACKING pc=0x00007f77594ea329 sp=0x00007f771691e210
Event: 12.315 Thread 0x00007f776837e800 DEOPT UNPACKING pc=0x00007f7759047373 sp=0x00007f771691df58 mode 1
Event: 12.315 Thread 0x00007f776837e800 DEOPT PACKING pc=0x00007f77594c3bc4 sp=0x00007f771691e2a0
Event: 12.316 Thread 0x00007f776837e800 DEOPT UNPACKING pc=0x00007f7759047373 sp=0x00007f771691e038 mode 1
Event: 12.317 Thread 0x00007f776837e800 DEOPT PACKING pc=0x00007f775945a524 sp=0x00007f771691e350
Event: 12.317 Thread 0x00007f776837e800 DEOPT UNPACKING pc=0x00007f7759047373 sp=0x00007f771691e098 mode 1
Event: 12.317 Thread 0x00007f776837e800 DEOPT PACKING pc=0x00007f7759423034 sp=0x00007f771691e3a0
Event: 12.317 Thread 0x00007f776837e800 DEOPT UNPACKING pc=0x00007f7759047373 sp=0x00007f771691e150 mode 1
Event: 12.317 Thread 0x00007f776837e800 DEOPT PACKING pc=0x00007f775950c694 sp=0x00007f771691e460
Event: 12.317 Thread 0x00007f776837e800 DEOPT UNPACKING pc=0x00007f7759047373 sp=0x00007f771691e1a8 mode 1


Dynamic libraries:
00400000-00401000 r-xp 00000000 08:11 2229123                            /usr/lib/jvm/jdk1.8.0_31/bin/java
00600000-00601000 rw-p 00000000 08:11 2229123                            /usr/lib/jvm/jdk1.8.0_31/bin/java
01f9f000-01fc0000 rw-p 00000000 00:00 0                                  [heap]
c3c00000-c6580000 rw-p 00000000 00:00 0 
c6580000-ebf00000 ---p 00000000 00:00 0 
ebf00000-ed380000 rw-p 00000000 00:00 0 
ed380000-100000000 ---p 00000000 00:00 0 
100000000-1001c0000 rw-p 00000000 00:00 0 
1001c0000-140000000 ---p 00000000 00:00 0 
7f76c4000000-7f76c4021000 rw-p 00000000 00:00 0 
7f76c4021000-7f76c8000000 ---p 00000000 00:00 0 
7f76cbffe000-7f76cffff000 rw-s 00000000 00:11 1611784                    /dev/shm/pulse-shm-2151393447
7f76cffff000-7f76d4000000 r--s 00000000 00:11 22180                      /dev/shm/pulse-shm-3810095572
7f76d4000000-7f76d4021000 rw-p 00000000 00:00 0 
7f76d4021000-7f76d8000000 ---p 00000000 00:00 0 
7f76d8000000-7f76d8021000 rw-p 00000000 00:00 0 
7f76d8021000-7f76dc000000 ---p 00000000 00:00 0 
7f76dc000000-7f76dc021000 rw-p 00000000 00:00 0 
7f76dc021000-7f76e0000000 ---p 00000000 00:00 0 
7f76e2ea5000-7f76e2f25000 rw-p 00000000 00:00 0 
7f76e2f25000-7f76e30a5000 ---p 00000000 00:00 0 
7f76e30a5000-7f76e30a6000 ---p 00000000 00:00 0 
7f76e30a6000-7f76e38a6000 rw-p 00000000 00:00 0                          [stack:17486]
7f76e38a6000-7f76e38a7000 ---p 00000000 00:00 0 
7f76e38a7000-7f76e40a7000 rw-p 00000000 00:00 0                          [stack:17482]
7f76e40a7000-7f76e80a8000 rw-s 00000000 00:11 1609376                    /dev/shm/pulse-shm-164385047
7f76e80a8000-7f76e80ae000 r-xp 00000000 08:11 1317035                    /usr/lib/x86_64-linux-gnu/alsa-lib/libasound_module_pcm_pulse.so
7f76e80ae000-7f76e82ad000 ---p 00006000 08:11 1317035                    /usr/lib/x86_64-linux-gnu/alsa-lib/libasound_module_pcm_pulse.so
7f76e82ad000-7f76e82ae000 r--p 00005000 08:11 1317035                    /usr/lib/x86_64-linux-gnu/alsa-lib/libasound_module_pcm_pulse.so
7f76e82ae000-7f76e82af000 rw-p 00006000 08:11 1317035                    /usr/lib/x86_64-linux-gnu/alsa-lib/libasound_module_pcm_pulse.so
7f76e82af000-7f76e82e3000 r-xp 00000000 08:11 1246961                    /usr/local/cpffmpeg/lib/libvorbis.so.0.4.7
7f76e82e3000-7f76e84e3000 ---p 00034000 08:11 1246961                    /usr/local/cpffmpeg/lib/libvorbis.so.0.4.7
7f76e84e3000-7f76e84e4000 rw-p 00034000 08:11 1246961                    /usr/local/cpffmpeg/lib/libvorbis.so.0.4.7
7f76e84e4000-7f76e84ea000 r-xp 00000000 08:11 1246864                    /usr/local/cpffmpeg/lib/libogg.so.0.8.1
7f76e84ea000-7f76e86e9000 ---p 00006000 08:11 1246864                    /usr/local/cpffmpeg/lib/libogg.so.0.8.1
7f76e86e9000-7f76e86ea000 rw-p 00005000 08:11 1246864                    /usr/local/cpffmpeg/lib/libogg.so.0.8.1
7f76e86ea000-7f76e86fb000 r-xp 00000000 08:11 393690                     /lib/x86_64-linux-gnu/libgpg-error.so.0.13.0
7f76e86fb000-7f76e88fa000 ---p 00011000 08:11 393690                     /lib/x86_64-linux-gnu/libgpg-error.so.0.13.0
7f76e88fa000-7f76e88fb000 r--p 00010000 08:11 393690                     /lib/x86_64-linux-gnu/libgpg-error.so.0.13.0
7f76e88fb000-7f76e88fc000 rw-p 00011000 08:11 393690                     /lib/x86_64-linux-gnu/libgpg-error.so.0.13.0
7f76e88fc000-7f76e898b000 r-xp 00000000 08:11 1246969                    /usr/local/cpffmpeg/lib/libvorbisenc.so.2.0.10
7f76e898b000-7f76e8b8a000 ---p 0008f000 08:11 1246969                    /usr/local/cpffmpeg/lib/libvorbisenc.so.2.0.10
7f76e8b8a000-7f76e8ba6000 rw-p 0008e000 08:11 1246969                    /usr/local/cpffmpeg/lib/libvorbisenc.so.2.0.10
7f76e8ba6000-7f76e8bf9000 r-xp 00000000 08:11 1247702                    /usr/local/cpffmpeg/lib/libFLAC.so.8.3.0
7f76e8bf9000-7f76e8df9000 ---p 00053000 08:11 1247702                    /usr/local/cpffmpeg/lib/libFLAC.so.8.3.0
7f76e8df9000-7f76e8dfa000 rw-p 00053000 08:11 1247702                    /usr/local/cpffmpeg/lib/libFLAC.so.8.3.0
7f76e8dfa000-7f76e8e0e000 r-xp 00000000 08:11 393941                     /lib/x86_64-linux-gnu/libresolv-2.19.so
7f76e8e0e000-7f76e900d000 ---p 00014000 08:11 393941                     /lib/x86_64-linux-gnu/libresolv-2.19.so
7f76e900d000-7f76e900e000 r--p 00013000 08:11 393941                     /lib/x86_64-linux-gnu/libresolv-2.19.so
7f76e900e000-7f76e900f000 rw-p 00014000 08:11 393941                     /lib/x86_64-linux-gnu/libresolv-2.19.so
7f76e900f000-7f76e9011000 rw-p 00000000 00:00 0 
7f76e9011000-7f76e90e8000 r-xp 00000000 08:11 393710                     /lib/x86_64-linux-gnu/libgcrypt.so.20.0.2
7f76e90e8000-7f76e92e8000 ---p 000d7000 08:11 393710                     /lib/x86_64-linux-gnu/libgcrypt.so.20.0.2
7f76e92e8000-7f76e92e9000 r--p 000d7000 08:11 393710                     /lib/x86_64-linux-gnu/libgcrypt.so.20.0.2
7f76e92e9000-7f76e92f2000 rw-p 000d8000 08:11 393710                     /lib/x86_64-linux-gnu/libgcrypt.so.20.0.2
7f76e92f2000-7f76e9314000 r-xp 00000000 08:11 393692                     /lib/x86_64-linux-gnu/liblzma.so.5.0.0
7f76e9314000-7f76e9513000 ---p 00022000 08:11 393692                     /lib/x86_64-linux-gnu/liblzma.so.5.0.0
7f76e9513000-7f76e9514000 r--p 00021000 08:11 393692                     /lib/x86_64-linux-gnu/liblzma.so.5.0.0
7f76e9514000-7f76e9515000 rw-p 00022000 08:11 393692                     /lib/x86_64-linux-gnu/liblzma.so.5.0.0
7f76e9515000-7f76e9519000 r-xp 00000000 08:11 393657                     /lib/x86_64-linux-gnu/libuuid.so.1.3.0
7f76e9519000-7f76e9718000 ---p 00004000 08:11 393657                     /lib/x86_64-linux-gnu/libuuid.so.1.3.0
7f76e9718000-7f76e9719000 r--p 00003000 08:11 393657                     /lib/x86_64-linux-gnu/libuuid.so.1.3.0
7f76e9719000-7f76e971a000 rw-p 00004000 08:11 393657                     /lib/x86_64-linux-gnu/libuuid.so.1.3.0
7f76e971a000-7f76e971e000 r-xp 00000000 08:11 393736                     /lib/x86_64-linux-gnu/libattr.so.1.1.0
7f76e971e000-7f76e991d000 ---p 00004000 08:11 393736                     /lib/x86_64-linux-gnu/libattr.so.1.1.0
7f76e991d000-7f76e991e000 r--p 00003000 08:11 393736                     /lib/x86_64-linux-gnu/libattr.so.1.1.0
7f76e991e000-7f76e991f000 rw-p 00004000 08:11 393736                     /lib/x86_64-linux-gnu/libattr.so.1.1.0
7f76e991f000-7f76e9924000 r-xp 00000000 08:11 1315196                    /usr/lib/x86_64-linux-gnu/libasyncns.so.0.3.1
7f76e9924000-7f76e9b23000 ---p 00005000 08:11 1315196                    /usr/lib/x86_64-linux-gnu/libasyncns.so.0.3.1
7f76e9b23000-7f76e9b24000 r--p 00004000 08:11 1315196                    /usr/lib/x86_64-linux-gnu/libasyncns.so.0.3.1
7f76e9b24000-7f76e9b25000 rw-p 00005000 08:11 1315196                    /usr/lib/x86_64-linux-gnu/libasyncns.so.0.3.1
7f76e9b25000-7f76e9b87000 r-xp 00000000 08:11 1315698                    /usr/lib/x86_64-linux-gnu/libsndfile.so.1.0.25
7f76e9b87000-7f76e9d87000 ---p 00062000 08:11 1315698                    /usr/lib/x86_64-linux-gnu/libsndfile.so.1.0.25
7f76e9d87000-7f76e9d89000 r--p 00062000 08:11 1315698                    /usr/lib/x86_64-linux-gnu/libsndfile.so.1.0.25
7f76e9d89000-7f76e9d8a000 rw-p 00064000 08:11 1315698                    /usr/lib/x86_64-linux-gnu/libsndfile.so.1.0.25
7f76e9d8a000-7f76e9d8e000 rw-p 00000000 00:00 0 
7f76e9d8e000-7f76e9d97000 r-xp 00000000 08:11 394193                     /lib/x86_64-linux-gnu/libwrap.so.0.7.6
7f76e9d97000-7f76e9f96000 ---p 00009000 08:11 394193                     /lib/x86_64-linux-gnu/libwrap.so.0.7.6
7f76e9f96000-7f76e9f97000 r--p 00008000 08:11 394193                     /lib/x86_64-linux-gnu/libwrap.so.0.7.6
7f76e9f97000-7f76e9f98000 rw-p 00009000 08:11 394193                     /lib/x86_64-linux-gnu/libwrap.so.0.7.6
7f76e9f98000-7f76e9f99000 rw-p 00000000 00:00 0 
7f76e9f99000-7f76e9fba000 r-xp 00000000 08:11 393722                     /lib/x86_64-linux-gnu/libsystemd.so.0.3.1
7f76e9fba000-7f76ea1ba000 ---p 00021000 08:11 393722                     /lib/x86_64-linux-gnu/libsystemd.so.0.3.1
7f76ea1ba000-7f76ea1bb000 r--p 00021000 08:11 393722                     /lib/x86_64-linux-gnu/libsystemd.so.0.3.1
7f76ea1bb000-7f76ea1bc000 rw-p 00022000 08:11 393722                     /lib/x86_64-linux-gnu/libsystemd.so.0.3.1
7f76ea1bc000-7f76ea1c3000 r-xp 00000000 08:11 1313147                    /usr/lib/x86_64-linux-gnu/libSM.so.6.0.1
7f76ea1c3000-7f76ea3c2000 ---p 00007000 08:11 1313147                    /usr/lib/x86_64-linux-gnu/libSM.so.6.0.1
7f76ea3c2000-7f76ea3c3000 r--p 00006000 08:11 1313147                    /usr/lib/x86_64-linux-gnu/libSM.so.6.0.1
7f76ea3c3000-7f76ea3c4000 rw-p 00007000 08:11 1313147                    /usr/lib/x86_64-linux-gnu/libSM.so.6.0.1
7f76ea3c4000-7f76ea3c8000 r-xp 00000000 08:11 393218                     /lib/x86_64-linux-gnu/libcap.so.2.24
7f76ea3c8000-7f76ea5c7000 ---p 00004000 08:11 393218                     /lib/x86_64-linux-gnu/libcap.so.2.24
7f76ea5c7000-7f76ea5c8000 r--p 00003000 08:11 393218                     /lib/x86_64-linux-gnu/libcap.so.2.24
7f76ea5c8000-7f76ea5c9000 rw-p 00004000 08:11 393218                     /lib/x86_64-linux-gnu/libcap.so.2.24
7f76ea5c9000-7f76ea610000 r-xp 00000000 08:11 393809                     /lib/x86_64-linux-gnu/libdbus-1.so.3.8.10
7f76ea610000-7f76ea80f000 ---p 00047000 08:11 393809                     /lib/x86_64-linux-gnu/libdbus-1.so.3.8.10
7f76ea80f000-7f76ea810000 r--p 00046000 08:11 393809                     /lib/x86_64-linux-gnu/libdbus-1.so.3.8.10
7f76ea810000-7f76ea811000 rw-p 00047000 08:11 393809                     /lib/x86_64-linux-gnu/libdbus-1.so.3.8.10
7f76ea811000-7f76ea888000 r-xp 00000000 08:11 1315203                    /usr/lib/x86_64-linux-gnu/pulseaudio/libpulsecommon-5.0.so
7f76ea888000-7f76eaa88000 ---p 00077000 08:11 1315203                    /usr/lib/x86_64-linux-gnu/pulseaudio/libpulsecommon-5.0.so
7f76eaa88000-7f76eaa89000 r--p 00077000 08:11 1315203                    /usr/lib/x86_64-linux-gnu/pulseaudio/libpulsecommon-5.0.so
7f76eaa89000-7f76eaa8b000 rw-p 00078000 08:11 1315203                    /usr/lib/x86_64-linux-gnu/pulseaudio/libpulsecommon-5.0.so
7f76eaa8b000-7f76eaa95000 r-xp 00000000 08:11 394170                     /lib/x86_64-linux-gnu/libjson-c.so.2.0.0
7f76eaa95000-7f76eac94000 ---p 0000a000 08:11 394170                     /lib/x86_64-linux-gnu/libjson-c.so.2.0.0
7f76eac94000-7f76eac95000 r--p 00009000 08:11 394170                     /lib/x86_64-linux-gnu/libjson-c.so.2.0.0
7f76eac95000-7f76eac96000 rw-p 0000a000 08:11 394170                     /lib/x86_64-linux-gnu/libjson-c.so.2.0.0
7f76eac96000-7f76eace4000 r-xp 00000000 08:11 1314084                    /usr/lib/x86_64-linux-gnu/libpulse.so.0.17.3
7f76eace4000-7f76eaee4000 ---p 0004e000 08:11 1314084                    /usr/lib/x86_64-linux-gnu/libpulse.so.0.17.3
7f76eaee4000-7f76eaee6000 r--p 0004e000 08:11 1314084                    /usr/lib/x86_64-linux-gnu/libpulse.so.0.17.3
7f76eaee6000-7f76eaee7000 rw-p 00050000 08:11 1314084                    /usr/lib/x86_64-linux-gnu/libpulse.so.0.17.3
7f76eafe8000-7f76eafeb000 ---p 00000000 00:00 0 
7f76eafeb000-7f76eb0e9000 rw-p 00000000 00:00 0                          [stack:17487]
7f76eb0e9000-7f76eb1d9000 r-xp 00000000 08:11 1313856                    /usr/lib/x86_64-linux-gnu/libasound.so.2.0.0
7f76eb1d9000-7f76eb3d8000 ---p 000f0000 08:11 1313856                    /usr/lib/x86_64-linux-gnu/libasound.so.2.0.0
7f76eb3d8000-7f76eb3df000 r--p 000ef000 08:11 1313856                    /usr/lib/x86_64-linux-gnu/libasound.so.2.0.0
7f76eb3df000-7f76eb3e1000 rw-p 000f6000 08:11 1313856                    /usr/lib/x86_64-linux-gnu/libasound.so.2.0.0
7f76eb3e1000-7f76eb3f0000 r-xp 00000000 08:11 2240448                    /usr/lib/jvm/jdk1.8.0_31/jre/lib/amd64/libjsoundalsa.so
7f76eb3f0000-7f76eb5ef000 ---p 0000f000 08:11 2240448                    /usr/lib/jvm/jdk1.8.0_31/jre/lib/amd64/libjsoundalsa.so
7f76eb5ef000-7f76eb5f0000 rw-p 0000e000 08:11 2240448                    /usr/lib/jvm/jdk1.8.0_31/jre/lib/amd64/libjsoundalsa.so
7f76eb5f0000-7f76eb5f1000 r-xp 00000000 08:11 2240452                    /usr/lib/jvm/jdk1.8.0_31/jre/lib/amd64/libjsound.so
7f76eb5f1000-7f76eb7f0000 ---p 00001000 08:11 2240452                    /usr/lib/jvm/jdk1.8.0_31/jre/lib/amd64/libjsound.so
7f76eb7f0000-7f76eb7f1000 rw-p 00000000 08:11 2240452                    /usr/lib/jvm/jdk1.8.0_31/jre/lib/amd64/libjsound.so
7f76eb7f1000-7f76ebaf1000 rw-s 00000000 00:04 1611116                    /drm mm object (deleted)
7f76ebaf1000-7f76ebdf1000 rw-s 00000000 00:04 1611115                    /drm mm object (deleted)
7f76ebdf1000-7f76ebdff000 r-xp 00000000 08:11 393942                     /lib/x86_64-linux-gnu/libudev.so.1.5.0
7f76ebdff000-7f76ebffe000 ---p 0000e000 08:11 393942                     /lib/x86_64-linux-gnu/libudev.so.1.5.0
7f76ebffe000-7f76ebfff000 r--p 0000d000 08:11 393942                     /lib/x86_64-linux-gnu/libudev.so.1.5.0
7f76ebfff000-7f76ec000000 rw-p 0000e000 08:11 393942                     /lib/x86_64-linux-gnu/libudev.so.1.5.0
7f76ec000000-7f76ee7ef000 rw-p 00000000 00:00 0 
7f76ee7ef000-7f76f0000000 ---p 00000000 00:00 0 
7f76f0088000-7f76f008b000 ---p 00000000 00:00 0 
7f76f008b000-7f76f0189000 rw-p 00000000 00:00 0                          [stack:17481]
7f76f0189000-7f76f018b000 r-xp 00000000 08:11 1316635                    /usr/lib/x86_64-linux-gnu/libXinerama.so.1.0.0
7f76f018b000-7f76f038a000 ---p 00002000 08:11 1316635                    /usr/lib/x86_64-linux-gnu/libXinerama.so.1.0.0
7f76f038a000-7f76f038b000 r--p 00001000 08:11 1316635                    /usr/lib/x86_64-linux-gnu/libXinerama.so.1.0.0
7f76f038b000-7f76f038c000 rw-p 00002000 08:11 1316635                    /usr/lib/x86_64-linux-gnu/libXinerama.so.1.0.0
7f76f038c000-7f76f03c3000 r-xp 00000000 08:11 1316797                    /usr/lib/x86_64-linux-gnu/libtxc_dxtn_s2tc.so.0.0.0
7f76f03c3000-7f76f05c2000 ---p 00037000 08:11 1316797                    /usr/lib/x86_64-linux-gnu/libtxc_dxtn_s2tc.so.0.0.0
7f76f05c2000-7f76f05c3000 r--p 00036000 08:11 1316797                    /usr/lib/x86_64-linux-gnu/libtxc_dxtn_s2tc.so.0.0.0
7f76f05c3000-7f76f05c4000 rw-p 00037000 08:11 1316797                    /usr/lib/x86_64-linux-gnu/libtxc_dxtn_s2tc.so.0.0.0
7f76f05c4000-7f76f05de000 r-xp 00000000 08:11 393684                     /lib/x86_64-linux-gnu/libz.so.1.2.8
7f76f05de000-7f76f07dd000 ---p 0001a000 08:11 393684                     /lib/x86_64-linux-gnu/libz.so.1.2.8
7f76f07dd000-7f76f07de000 r--p 00019000 08:11 393684                     /lib/x86_64-linux-gnu/libz.so.1.2.8
7f76f07de000-7f76f07df000 rw-p 0001a000 08:11 393684                     /lib/x86_64-linux-gnu/libz.so.1.2.8
7f76f07df000-7f76f07e7000 r-xp 00000000 08:11 1312442                    /usr/lib/x86_64-linux-gnu/libpciaccess.so.0.11.1
7f76f07e7000-7f76f09e7000 ---p 00008000 08:11 1312442                    /usr/lib/x86_64-linux-gnu/libpciaccess.so.0.11.1
7f76f09e7000-7f76f09e8000 r--p 00008000 08:11 1312442                    /usr/lib/x86_64-linux-gnu/libpciaccess.so.0.11.1
7f76f09e8000-7f76f09e9000 rw-p 00009000 08:11 1312442                    /usr/lib/x86_64-linux-gnu/libpciaccess.so.0.11.1
7f76f09e9000-7f76f0ad5000 r-xp 00000000 08:11 1313581                    /usr/lib/x86_64-linux-gnu/libstdc++.so.6.0.20
7f76f0ad5000-7f76f0cd5000 ---p 000ec000 08:11 1313581                    /usr/lib/x86_64-linux-gnu/libstdc++.so.6.0.20
7f76f0cd5000-7f76f0cdd000 r--p 000ec000 08:11 1313581                    /usr/lib/x86_64-linux-gnu/libstdc++.so.6.0.20
7f76f0cdd000-7f76f0cdf000 rw-p 000f4000 08:11 1313581                    /usr/lib/x86_64-linux-gnu/libstdc++.so.6.0.20
7f76f0cdf000-7f76f0cf4000 rw-p 00000000 00:00 0 
7f76f0cf4000-7f76f0d00000 r-xp 00000000 08:11 1317459                    /usr/lib/x86_64-linux-gnu/libdrm_radeon.so.1.0.1
7f76f0d00000-7f76f0eff000 ---p 0000c000 08:11 1317459                    /usr/lib/x86_64-linux-gnu/libdrm_radeon.so.1.0.1
7f76f0eff000-7f76f0f00000 r--p 0000b000 08:11 1317459                    /usr/lib/x86_64-linux-gnu/libdrm_radeon.so.1.0.1
7f76f0f00000-7f76f0f01000 rw-p 0000c000 08:11 1317459                    /usr/lib/x86_64-linux-gnu/libdrm_radeon.so.1.0.1
7f76f0f01000-7f76f0f07000 r-xp 00000000 08:11 1317705                    /usr/lib/x86_64-linux-gnu/libdrm_nouveau.so.2.0.0
7f76f0f07000-7f76f1106000 ---p 00006000 08:11 1317705                    /usr/lib/x86_64-linux-gnu/libdrm_nouveau.so.2.0.0
7f76f1106000-7f76f1107000 r--p 00005000 08:11 1317705                    /usr/lib/x86_64-linux-gnu/libdrm_nouveau.so.2.0.0
7f76f1107000-7f76f1108000 rw-p 00006000 08:11 1317705                    /usr/lib/x86_64-linux-gnu/libdrm_nouveau.so.2.0.0
7f76f1108000-7f76f1129000 r-xp 00000000 08:11 1312658                    /usr/lib/x86_64-linux-gnu/libdrm_intel.so.1.0.0
7f76f1129000-7f76f1328000 ---p 00021000 08:11 1312658                    /usr/lib/x86_64-linux-gnu/libdrm_intel.so.1.0.0
7f76f1328000-7f76f1329000 r--p 00020000 08:11 1312658                    /usr/lib/x86_64-linux-gnu/libdrm_intel.so.1.0.0
7f76f1329000-7f76f132a000 rw-p 00021000 08:11 1312658                    /usr/lib/x86_64-linux-gnu/libdrm_intel.so.1.0.0
7f76f132a000-7f76f1848000 r-xp 00000000 08:11 1312473                    /usr/lib/x86_64-linux-gnu/dri/i965_dri.so
7f76f1848000-7f76f1a48000 ---p 0051e000 08:11 1312473                    /usr/lib/x86_64-linux-gnu/dri/i965_dri.so
7f76f1a48000-7f76f1a64000 r--p 0051e000 08:11 1312473                    /usr/lib/x86_64-linux-gnu/dri/i965_dri.so
7f76f1a64000-7f76f1a6a000 rw-p 0053a000 08:11 1312473                    /usr/lib/x86_64-linux-gnu/dri/i965_dri.so
7f76f1a6a000-7f76f1a75000 rw-p 00000000 00:00 0 
7f76f1a75000-7f76f1a7b000 r-xp 00000000 08:11 1180552                    /usr/lib/mesa-diverted/x86_64-linux-gnu/libGLESv2.so.2.0.0
7f76f1a7b000-7f76f1c7a000 ---p 00006000 08:11 1180552                    /usr/lib/mesa-diverted/x86_64-linux-gnu/libGLESv2.so.2.0.0
7f76f1c7a000-7f76f1c7b000 r--p 00005000 08:11 1180552                    /usr/lib/mesa-diverted/x86_64-linux-gnu/libGLESv2.so.2.0.0
7f76f1c7b000-7f76f1c7c000 rw-p 00006000 08:11 1180552                    /usr/lib/mesa-diverted/x86_64-linux-gnu/libGLESv2.so.2.0.0
7f76f1c7c000-7f76f1e7c000 rw-p 00000000 00:00 0 
7f76f1e7c000-7f76f1ec1000 r-xp 00000000 08:11 1972897                    /tmp/jogamp_0000/file_cache/jln3262544875841306262/jln3551994445803246578/libjogl_mobile.so
7f76f1ec1000-7f76f20c1000 ---p 00045000 08:11 1972897                    /tmp/jogamp_0000/file_cache/jln3262544875841306262/jln3551994445803246578/libjogl_mobile.so
7f76f20c1000-7f76f20c2000 rw-p 00045000 08:11 1972897                    /tmp/jogamp_0000/file_cache/jln3262544875841306262/jln3551994445803246578/libjogl_mobile.so
7f76f20c2000-7f76f20c9000 r-xp 00000000 08:11 1311207                    /usr/lib/x86_64-linux-gnu/libffi.so.6.0.2
7f76f20c9000-7f76f22c8000 ---p 00007000 08:11 1311207                    /usr/lib/x86_64-linux-gnu/libffi.so.6.0.2
7f76f22c8000-7f76f22c9000 r--p 00006000 08:11 1311207                    /usr/lib/x86_64-linux-gnu/libffi.so.6.0.2
7f76f22c9000-7f76f22ca000 rw-p 00007000 08:11 1311207                    /usr/lib/x86_64-linux-gnu/libffi.so.6.0.2
7f76f22ca000-7f76f22d7000 r-xp 00000000 08:11 1314293                    /usr/lib/x86_64-linux-gnu/libgbm.so.1.0.0
7f76f22d7000-7f76f24d6000 ---p 0000d000 08:11 1314293                    /usr/lib/x86_64-linux-gnu/libgbm.so.1.0.0
7f76f24d6000-7f76f24d7000 r--p 0000c000 08:11 1314293                    /usr/lib/x86_64-linux-gnu/libgbm.so.1.0.0
7f76f24d7000-7f76f24d8000 rw-p 0000d000 08:11 1314293                    /usr/lib/x86_64-linux-gnu/libgbm.so.1.0.0
7f76f24d8000-7f76f24e7000 r-xp 00000000 08:11 1314915                    /usr/lib/x86_64-linux-gnu/libwayland-server.so.0.1.0
7f76f24e7000-7f76f26e7000 ---p 0000f000 08:11 1314915                    /usr/lib/x86_64-linux-gnu/libwayland-server.so.0.1.0
7f76f26e7000-7f76f26e9000 r--p 0000f000 08:11 1314915                    /usr/lib/x86_64-linux-gnu/libwayland-server.so.0.1.0
7f76f26e9000-7f76f26ea000 rw-p 00011000 08:11 1314915                    /usr/lib/x86_64-linux-gnu/libwayland-server.so.0.1.0
7f76f26ea000-7f76f26f6000 r-xp 00000000 08:11 1316306                    /usr/lib/x86_64-linux-gnu/libwayland-client.so.0.3.0
7f76f26f6000-7f76f28f5000 ---p 0000c000 08:11 1316306                    /usr/lib/x86_64-linux-gnu/libwayland-client.so.0.3.0
7f76f28f5000-7f76f28f8000 r--p 0000b000 08:11 1316306                    /usr/lib/x86_64-linux-gnu/libwayland-client.so.0.3.0
7f76f28f8000-7f76f28f9000 rw-p 0000e000 08:11 1316306                    /usr/lib/x86_64-linux-gnu/libwayland-client.so.0.3.0
7f76f28f9000-7f76f28fc000 r-xp 00000000 08:11 1312486                    /usr/lib/x86_64-linux-gnu/libxcb-shape.so.0.0.0
7f76f28fc000-7f76f2afb000 ---p 00003000 08:11 1312486                    /usr/lib/x86_64-linux-gnu/libxcb-shape.so.0.0.0
7f76f2afb000-7f76f2afc000 r--p 00002000 08:11 1312486                    /usr/lib/x86_64-linux-gnu/libxcb-shape.so.0.0.0
7f76f2afc000-7f76f2afd000 rw-p 00003000 08:11 1312486                    /usr/lib/x86_64-linux-gnu/libxcb-shape.so.0.0.0
7f76f2afd000-7f76f2b06000 r-xp 00000000 08:11 1320235                    /usr/lib/x86_64-linux-gnu/libxcb-render.so.0.0.0
7f76f2b06000-7f76f2d05000 ---p 00009000 08:11 1320235                    /usr/lib/x86_64-linux-gnu/libxcb-render.so.0.0.0
7f76f2d05000-7f76f2d06000 r--p 00008000 08:11 1320235                    /usr/lib/x86_64-linux-gnu/libxcb-render.so.0.0.0
7f76f2d06000-7f76f2d07000 rw-p 00009000 08:11 1320235                    /usr/lib/x86_64-linux-gnu/libxcb-render.so.0.0.0
7f76f2d07000-7f76f2d0d000 r-xp 00000000 08:11 1313209                    /usr/lib/x86_64-linux-gnu/libxcb-xfixes.so.0.0.0
7f76f2d0d000-7f76f2f0d000 ---p 00006000 08:11 1313209                    /usr/lib/x86_64-linux-gnu/libxcb-xfixes.so.0.0.0
7f76f2f0d000-7f76f2f0e000 r--p 00006000 08:11 1313209                    /usr/lib/x86_64-linux-gnu/libxcb-xfixes.so.0.0.0
7f76f2f0e000-7f76f2f0f000 rw-p 00007000 08:11 1313209                    /usr/lib/x86_64-linux-gnu/libxcb-xfixes.so.0.0.0
7f76f2f0f000-7f76f2f37000 r-xp 00000000 08:11 1179661                    /usr/lib/mesa-diverted/x86_64-linux-gnu/libEGL.so.1.0.0
7f76f2f37000-7f76f3136000 ---p 00028000 08:11 1179661                    /usr/lib/mesa-diverted/x86_64-linux-gnu/libEGL.so.1.0.0
7f76f3136000-7f76f3137000 r--p 00027000 08:11 1179661                    /usr/lib/mesa-diverted/x86_64-linux-gnu/libEGL.so.1.0.0
7f76f3137000-7f76f3138000 rw-p 00028000 08:11 1179661                    /usr/lib/mesa-diverted/x86_64-linux-gnu/libEGL.so.1.0.0
7f76f3138000-7f76f3139000 rw-p 00000000 00:00 0 
7f76f3139000-7f76f313d000 r-xp 00000000 08:11 1184816                    /usr/lib/mesa-diverted/x86_64-linux-gnu/libGLESv1_CM.so.1.1.0
7f76f313d000-7f76f333c000 ---p 00004000 08:11 1184816                    /usr/lib/mesa-diverted/x86_64-linux-gnu/libGLESv1_CM.so.1.1.0
7f76f333c000-7f76f333d000 r--p 00003000 08:11 1184816                    /usr/lib/mesa-diverted/x86_64-linux-gnu/libGLESv1_CM.so.1.1.0
7f76f333d000-7f76f333e000 rw-p 00004000 08:11 1184816                    /usr/lib/mesa-diverted/x86_64-linux-gnu/libGLESv1_CM.so.1.1.0
7f76f333e000-7f76f33e3000 r-xp 00000000 08:11 1972773                    /tmp/jogamp_0000/file_cache/jln3262544875841306262/jln3551994445803246578/libjogl_desktop.so
7f76f33e3000-7f76f35e3000 ---p 000a5000 08:11 1972773                    /tmp/jogamp_0000/file_cache/jln3262544875841306262/jln3551994445803246578/libjogl_desktop.so
7f76f35e3000-7f76f35e4000 rw-p 000a5000 08:11 1972773                    /tmp/jogamp_0000/file_cache/jln3262544875841306262/jln3551994445803246578/libjogl_desktop.so
7f76f35e4000-7f76f35f0000 r-xp 00000000 08:11 1317768                    /usr/lib/x86_64-linux-gnu/libdrm.so.2.4.0
7f76f35f0000-7f76f37ef000 ---p 0000c000 08:11 1317768                    /usr/lib/x86_64-linux-gnu/libdrm.so.2.4.0
7f76f37ef000-7f76f37f0000 r--p 0000b000 08:11 1317768                    /usr/lib/x86_64-linux-gnu/libdrm.so.2.4.0
7f76f37f0000-7f76f37f1000 rw-p 0000c000 08:11 1317768                    /usr/lib/x86_64-linux-gnu/libdrm.so.2.4.0
7f76f37f1000-7f76f37f2000 r-xp 00000000 08:11 1316882                    /usr/lib/x86_64-linux-gnu/libxshmfence.so.1.0.0
7f76f37f2000-7f76f39f1000 ---p 00001000 08:11 1316882                    /usr/lib/x86_64-linux-gnu/libxshmfence.so.1.0.0
7f76f39f1000-7f76f39f2000 r--p 00000000 08:11 1316882                    /usr/lib/x86_64-linux-gnu/libxshmfence.so.1.0.0
7f76f39f2000-7f76f39f3000 rw-p 00001000 08:11 1316882                    /usr/lib/x86_64-linux-gnu/libxshmfence.so.1.0.0
7f76f39f3000-7f76f39f8000 r-xp 00000000 08:11 1315759                    /usr/lib/x86_64-linux-gnu/libxcb-sync.so.1.0.0
7f76f39f8000-7f76f3bf8000 ---p 00005000 08:11 1315759                    /usr/lib/x86_64-linux-gnu/libxcb-sync.so.1.0.0
7f76f3bf8000-7f76f3bf9000 r--p 00005000 08:11 1315759                    /usr/lib/x86_64-linux-gnu/libxcb-sync.so.1.0.0
7f76f3bf9000-7f76f3bfa000 rw-p 00006000 08:11 1315759                    /usr/lib/x86_64-linux-gnu/libxcb-sync.so.1.0.0
7f76f3bfa000-7f76f3bfc000 r-xp 00000000 08:11 1317437                    /usr/lib/x86_64-linux-gnu/libxcb-present.so.0.0.0
7f76f3bfc000-7f76f3dfb000 ---p 00002000 08:11 1317437                    /usr/lib/x86_64-linux-gnu/libxcb-present.so.0.0.0
7f76f3dfb000-7f76f3dfc000 r--p 00001000 08:11 1317437                    /usr/lib/x86_64-linux-gnu/libxcb-present.so.0.0.0
7f76f3dfc000-7f76f3dfd000 rw-p 00002000 08:11 1317437                    /usr/lib/x86_64-linux-gnu/libxcb-present.so.0.0.0
7f76f3dfd000-7f76f3dff000 r-xp 00000000 08:11 1313718                    /usr/lib/x86_64-linux-gnu/libxcb-dri3.so.0.0.0
7f76f3dff000-7f76f3ffe000 ---p 00002000 08:11 1313718                    /usr/lib/x86_64-linux-gnu/libxcb-dri3.so.0.0.0
7f76f3ffe000-7f76f3fff000 r--p 00001000 08:11 1313718                    /usr/lib/x86_64-linux-gnu/libxcb-dri3.so.0.0.0
7f76f3fff000-7f76f4000000 rw-p 00002000 08:11 1313718                    /usr/lib/x86_64-linux-gnu/libxcb-dri3.so.0.0.0
7f76f4000000-7f76f4985000 rw-p 00000000 00:00 0 
7f76f4985000-7f76f8000000 ---p 00000000 00:00 0 
7f76f8000000-7f76f8021000 rw-p 00000000 00:00 0 
7f76f8021000-7f76fc000000 ---p 00000000 00:00 0 
7f76fc000000-7f76fc021000 rw-p 00000000 00:00 0 
7f76fc021000-7f7700000000 ---p 00000000 00:00 0 
7f7700000000-7f7701fb2000 rw-p 00000000 00:00 0 
7f7701fb2000-7f7704000000 ---p 00000000 00:00 0 
7f7704000000-7f7704024000 rw-p 00000000 00:00 0 
7f7704024000-7f7708000000 ---p 00000000 00:00 0 
7f7708000000-7f7708040000 rw-p 00000000 00:00 0 
7f7708040000-7f770c000000 ---p 00000000 00:00 0 
7f770c000000-7f770c021000 rw-p 00000000 00:00 0 
7f770c021000-7f7710000000 ---p 00000000 00:00 0 
7f7710000000-7f7710021000 rw-p 00000000 00:00 0 
7f7710021000-7f7714000000 ---p 00000000 00:00 0 
7f77140aa000-7f77140c1000 r-xp 00000000 08:11 1432196                    /usr/local/lib/libICE.so.6.3.0
7f77140c1000-7f77140c3000 rw-p 00016000 08:11 1432196                    /usr/local/lib/libICE.so.6.3.0
7f77140c3000-7f77140c6000 rw-p 00000000 00:00 0 
7f7714105000-7f771410d000 rw-s 00000000 00:04 1611169                    /drm mm object (deleted)
7f771410d000-7f7714115000 rw-s 00000000 00:04 1611168                    /drm mm object (deleted)
7f7714115000-7f7714119000 r-xp 00000000 08:11 1312874                    /usr/lib/x86_64-linux-gnu/libxcb-dri2.so.0.0.0
7f7714119000-7f7714318000 ---p 00004000 08:11 1312874                    /usr/lib/x86_64-linux-gnu/libxcb-dri2.so.0.0.0
7f7714318000-7f7714319000 r--p 00003000 08:11 1312874                    /usr/lib/x86_64-linux-gnu/libxcb-dri2.so.0.0.0
7f7714319000-7f771431a000 rw-p 00004000 08:11 1312874                    /usr/lib/x86_64-linux-gnu/libxcb-dri2.so.0.0.0
7f771431a000-7f7714331000 r-xp 00000000 08:11 1314543                    /usr/lib/x86_64-linux-gnu/libxcb-glx.so.0.0.0
7f7714331000-7f7714530000 ---p 00017000 08:11 1314543                    /usr/lib/x86_64-linux-gnu/libxcb-glx.so.0.0.0
7f7714530000-7f7714532000 r--p 00016000 08:11 1314543                    /usr/lib/x86_64-linux-gnu/libxcb-glx.so.0.0.0
7f7714532000-7f7714533000 rw-p 00018000 08:11 1314543                    /usr/lib/x86_64-linux-gnu/libxcb-glx.so.0.0.0
7f7714533000-7f7714534000 r-xp 00000000 08:11 1318061                    /usr/lib/x86_64-linux-gnu/libX11-xcb.so.1.0.0
7f7714534000-7f7714733000 ---p 00001000 08:11 1318061                    /usr/lib/x86_64-linux-gnu/libX11-xcb.so.1.0.0
7f7714733000-7f7714734000 r--p 00000000 08:11 1318061                    /usr/lib/x86_64-linux-gnu/libX11-xcb.so.1.0.0
7f7714734000-7f7714735000 rw-p 00001000 08:11 1318061                    /usr/lib/x86_64-linux-gnu/libX11-xcb.so.1.0.0
7f7714735000-7f7714737000 r-xp 00000000 08:11 1316876                    /usr/lib/x86_64-linux-gnu/libXdamage.so.1.1.0
7f7714737000-7f7714936000 ---p 00002000 08:11 1316876                    /usr/lib/x86_64-linux-gnu/libXdamage.so.1.1.0
7f7714936000-7f7714937000 r--p 00001000 08:11 1316876                    /usr/lib/x86_64-linux-gnu/libXdamage.so.1.1.0
7f7714937000-7f7714938000 rw-p 00002000 08:11 1316876                    /usr/lib/x86_64-linux-gnu/libXdamage.so.1.1.0
7f7714938000-7f771495d000 r-xp 00000000 08:11 1311159                    /usr/lib/x86_64-linux-gnu/libglapi.so.0.0.0
7f771495d000-7f7714b5d000 ---p 00025000 08:11 1311159                    /usr/lib/x86_64-linux-gnu/libglapi.so.0.0.0
7f7714b5d000-7f7714b60000 r--p 00025000 08:11 1311159                    /usr/lib/x86_64-linux-gnu/libglapi.so.0.0.0
7f7714b60000-7f7714b61000 rw-p 00028000 08:11 1311159                    /usr/lib/x86_64-linux-gnu/libglapi.so.0.0.0
7f7714b61000-7f7714b62000 rw-p 00000000 00:00 0 
7f7714b62000-7f7714b88000 r-xp 00000000 08:11 393642                     /lib/x86_64-linux-gnu/libexpat.so.1.6.0
7f7714b88000-7f7714d87000 ---p 00026000 08:11 393642                     /lib/x86_64-linux-gnu/libexpat.so.1.6.0
7f7714d87000-7f7714d8a000 r--p 00025000 08:11 393642                     /lib/x86_64-linux-gnu/libexpat.so.1.6.0
7f7714d8a000-7f7714d8b000 rw-p 00028000 08:11 393642                     /lib/x86_64-linux-gnu/libexpat.so.1.6.0
7f7714d8b000-7f7714e21000 r-xp 00000000 08:11 1179742                    /usr/lib/mesa-diverted/x86_64-linux-gnu/libGL.so.1.2.0
7f7714e21000-7f7715020000 ---p 00096000 08:11 1179742                    /usr/lib/mesa-diverted/x86_64-linux-gnu/libGL.so.1.2.0
7f7715020000-7f7715023000 r--p 00095000 08:11 1179742                    /usr/lib/mesa-diverted/x86_64-linux-gnu/libGL.so.1.2.0
7f7715023000-7f7715024000 rw-p 00098000 08:11 1179742                    /usr/lib/mesa-diverted/x86_64-linux-gnu/libGL.so.1.2.0
7f7715024000-7f7715225000 rw-p 00000000 00:00 0 
7f7715225000-7f771522c000 r-xp 00000000 08:11 1973321                    /tmp/jogamp_0000/file_cache/jln3262544875841306262/jln3551994445803246578/libnativewindow_x11.so
7f771522c000-7f771542b000 ---p 00007000 08:11 1973321                    /tmp/jogamp_0000/file_cache/jln3262544875841306262/jln3551994445803246578/libnativewindow_x11.so
7f771542b000-7f771542c000 rw-p 00006000 08:11 1973321                    /tmp/jogamp_0000/file_cache/jln3262544875841306262/jln3551994445803246578/libnativewindow_x11.so
7f771542c000-7f7715431000 r-xp 00000000 08:11 1316626                    /usr/lib/x86_64-linux-gnu/libXxf86vm.so.1.0.0
7f7715431000-7f7715630000 ---p 00005000 08:11 1316626                    /usr/lib/x86_64-linux-gnu/libXxf86vm.so.1.0.0
7f7715630000-7f7715631000 r--p 00004000 08:11 1316626                    /usr/lib/x86_64-linux-gnu/libXxf86vm.so.1.0.0
7f7715631000-7f7715632000 rw-p 00005000 08:11 1316626                    /usr/lib/x86_64-linux-gnu/libXxf86vm.so.1.0.0
7f7715635000-7f7715636000 rw-p 00000000 00:00 0 
7f7715636000-7f771563d000 r--s 00000000 08:11 1329829                    /usr/lib/x86_64-linux-gnu/gconv/gconv-modules.cache
7f771563d000-7f7715650000 r--s 00344000 08:11 2238871                    /usr/lib/jvm/jdk1.8.0_31/jre/lib/resources.jar
7f7715650000-7f7715658000 rw-s 00000000 00:04 1607665                    /drm mm object (deleted)
7f7715658000-7f7715660000 rw-s 00000000 00:04 1611106                    /drm mm object (deleted)
7f7715660000-7f7715668000 rw-s 00000000 00:04 1611091                    /drm mm object (deleted)
7f7715668000-7f7715670000 rw-s 00000000 00:04 1607661                    /drm mm object (deleted)
7f7715670000-7f7715678000 rw-s 00000000 00:04 1609351                    /drm mm object (deleted)
7f7715678000-7f7715679000 rwxp 00000000 00:00 0 
7f7715679000-7f771567a000 rw-s 00000000 00:04 1611123                    /drm mm object (deleted)
7f771567a000-7f771567b000 rw-s 00000000 00:04 1611114                    /drm mm object (deleted)
7f771567b000-7f771567c000 rw-s 00000000 00:04 1607662                    /drm mm object (deleted)
7f771567c000-7f771567d000 rw-s 00000000 00:04 1610431                    /drm mm object (deleted)
7f771567d000-7f771567e000 rw-s 00000000 00:04 1611098                    /drm mm object (deleted)
7f771567e000-7f771567f000 rw-s 00000000 00:04 1611092                    /drm mm object (deleted)
7f771567f000-7f7715680000 rw-s 00000000 00:04 1609352                    /drm mm object (deleted)
7f7715680000-7f7715681000 rw-s 00000000 00:04 1611074                    /drm mm object (deleted)
7f7715681000-7f7715683000 r-xp 00000000 08:11 1973320                    /tmp/jogamp_0000/file_cache/jln3262544875841306262/jln3551994445803246578/libnativewindow_awt.so
7f7715683000-7f7715882000 ---p 00002000 08:11 1973320                    /tmp/jogamp_0000/file_cache/jln3262544875841306262/jln3551994445803246578/libnativewindow_awt.so
7f7715882000-7f7715883000 rw-p 00001000 08:11 1973320                    /tmp/jogamp_0000/file_cache/jln3262544875841306262/jln3551994445803246578/libnativewindow_awt.so
7f7715883000-7f7715884000 r-xp 00000000 08:11 2240464                    /usr/lib/jvm/jdk1.8.0_31/jre/lib/amd64/libjawt.so
7f7715884000-7f7715a83000 ---p 00001000 08:11 2240464                    /usr/lib/jvm/jdk1.8.0_31/jre/lib/amd64/libjawt.so
7f7715a83000-7f7715a84000 rw-p 00000000 08:11 2240464                    /usr/lib/jvm/jdk1.8.0_31/jre/lib/amd64/libjawt.so
7f7715a84000-7f7715a86000 r-xp 00000000 08:11 1970821                    /tmp/jogamp_0000/file_cache/jln3262544875841306262/jln3551994445803246578/libgluegen-rt.so
7f7715a86000-7f7715c85000 ---p 00002000 08:11 1970821                    /tmp/jogamp_0000/file_cache/jln3262544875841306262/jln3551994445803246578/libgluegen-rt.so
7f7715c85000-7f7715c86000 rw-p 00001000 08:11 1970821                    /tmp/jogamp_0000/file_cache/jln3262544875841306262/jln3551994445803246578/libgluegen-rt.so
7f7715c86000-7f7715c89000 ---p 00000000 00:00 0 
7f7715c89000-7f7715d87000 rw-p 00000000 00:00 0                          [stack:17468]
7f7715d87000-7f7715d98000 r-xp 00000000 08:11 2240484                    /usr/lib/jvm/jdk1.8.0_31/jre/lib/amd64/libnio.so
7f7715d98000-7f7715f97000 ---p 00011000 08:11 2240484                    /usr/lib/jvm/jdk1.8.0_31/jre/lib/amd64/libnio.so
7f7715f97000-7f7715f98000 rw-p 00010000 08:11 2240484                    /usr/lib/jvm/jdk1.8.0_31/jre/lib/amd64/libnio.so
7f7715f98000-7f7716299000 rw-p 00000000 00:00 0 
7f7716299000-7f77162af000 r-xp 00000000 08:11 2240476                    /usr/lib/jvm/jdk1.8.0_31/jre/lib/amd64/libnet.so
7f77162af000-7f77164af000 ---p 00016000 08:11 2240476                    /usr/lib/jvm/jdk1.8.0_31/jre/lib/amd64/libnet.so
7f77164af000-7f77164b0000 rw-p 00016000 08:11 2240476                    /usr/lib/jvm/jdk1.8.0_31/jre/lib/amd64/libnet.so
7f77164b0000-7f77164b3000 ---p 00000000 00:00 0 
7f77164b3000-7f77166e9000 rw-p 00000000 00:00 0                          [stack:17459]
7f77166e9000-7f77166f7000 r--s 000f3000 08:11 3961956                    /home/kof/processing-git/build/linux/work/lib/pde.jar
7f77166f7000-7f771670b000 r--s 00141000 08:11 3961955                    /home/kof/processing-git/build/linux/work/lib/org.eclipse.osgi_3.8.1.v20120830-144521.jar
7f771670b000-7f771671f000 r--s 00127000 08:11 3961953                    /home/kof/processing-git/build/linux/work/lib/jna.jar
7f771671f000-7f7716722000 ---p 00000000 00:00 0 
7f7716722000-7f7716820000 rw-p 00000000 00:00 0                          [stack:17455]
7f7716820000-7f7716823000 ---p 00000000 00:00 0 
7f7716823000-7f7716921000 rw-p 00000000 00:00 0                          [stack:17454]
7f7716921000-7f7716924000 ---p 00000000 00:00 0 
7f7716924000-7f7716c22000 rw-p 00000000 00:00 0                          [stack:17453]
7f7716c22000-7f7716c25000 ---p 00000000 00:00 0 
7f7716c25000-7f7716d23000 rw-p 00000000 00:00 0 
7f7716d23000-7f7716d26000 ---p 00000000 00:00 0 
7f7716d26000-7f7716e24000 rw-p 00000000 00:00 0                          [stack:17451]
7f7716e24000-7f7716e29000 r-xp 00000000 08:11 1314833                    /usr/lib/x86_64-linux-gnu/libXfixes.so.3.1.0
7f7716e29000-7f7717028000 ---p 00005000 08:11 1314833                    /usr/lib/x86_64-linux-gnu/libXfixes.so.3.1.0
7f7717028000-7f7717029000 r--p 00004000 08:11 1314833                    /usr/lib/x86_64-linux-gnu/libXfixes.so.3.1.0
7f7717029000-7f771702a000 rw-p 00005000 08:11 1314833                    /usr/lib/x86_64-linux-gnu/libXfixes.so.3.1.0
7f771702a000-7f7717034000 r-xp 00000000 08:11 1314983                    /usr/lib/x86_64-linux-gnu/libXcursor.so.1.0.2
7f7717034000-7f7717233000 ---p 0000a000 08:11 1314983                    /usr/lib/x86_64-linux-gnu/libXcursor.so.1.0.2
7f7717233000-7f7717234000 r--p 00009000 08:11 1314983                    /usr/lib/x86_64-linux-gnu/libXcursor.so.1.0.2
7f7717234000-7f7717235000 rw-p 0000a000 08:11 1314983                    /usr/lib/x86_64-linux-gnu/libXcursor.so.1.0.2
7f7717235000-7f7717238000 ---p 00000000 00:00 0 
7f7717238000-7f7717336000 rw-p 00000000 00:00 0                          [stack:17450]
7f7717336000-7f771734c000 r-xp 00000000 08:11 393871                     /lib/x86_64-linux-gnu/libgcc_s.so.1
7f771734c000-7f771754b000 ---p 00016000 08:11 393871                     /lib/x86_64-linux-gnu/libgcc_s.so.1
7f771754b000-7f771754c000 rw-p 00015000 08:11 393871                     /lib/x86_64-linux-gnu/libgcc_s.so.1
7f771754c000-7f77175b1000 r-xp 00000000 08:11 2240446                    /usr/lib/jvm/jdk1.8.0_31/jre/lib/amd64/libfontmanager.so
7f77175b1000-7f77177b0000 ---p 00065000 08:11 2240446                    /usr/lib/jvm/jdk1.8.0_31/jre/lib/amd64/libfontmanager.so
7f77177b0000-7f77177b4000 rw-p 00064000 08:11 2240446                    /usr/lib/jvm/jdk1.8.0_31/jre/lib/amd64/libfontmanager.so
7f77177b4000-7f77177c5000 rw-p 00000000 00:00 0 
7f77177c5000-7f77177ca000 r-xp 00000000 08:11 1314306                    /usr/lib/x86_64-linux-gnu/libXdmcp.so.6.0.0
7f77177ca000-7f77179c9000 ---p 00005000 08:11 1314306                    /usr/lib/x86_64-linux-gnu/libXdmcp.so.6.0.0
7f77179c9000-7f77179ca000 rw-p 00004000 08:11 1314306                    /usr/lib/x86_64-linux-gnu/libXdmcp.so.6.0.0
7f77179ca000-7f77179cd000 r-xp 00000000 08:11 1318046                    /usr/lib/x86_64-linux-gnu/libXau.so.6.0.0
7f77179cd000-7f7717bcc000 ---p 00003000 08:11 1318046                    /usr/lib/x86_64-linux-gnu/libXau.so.6.0.0
7f7717bcc000-7f7717bcd000 r--p 00002000 08:11 1318046                    /usr/lib/x86_64-linux-gnu/libXau.so.6.0.0
7f7717bcd000-7f7717bce000 rw-p 00003000 08:11 1318046                    /usr/lib/x86_64-linux-gnu/libXau.so.6.0.0
7f7717bce000-7f7717bef000 r-xp 00000000 08:11 1313271                    /usr/lib/x86_64-linux-gnu/libxcb.so.1.1.0
7f7717bef000-7f7717dee000 ---p 00021000 08:11 1313271                    /usr/lib/x86_64-linux-gnu/libxcb.so.1.1.0
7f7717dee000-7f7717def000 r--p 00020000 08:11 1313271                    /usr/lib/x86_64-linux-gnu/libxcb.so.1.1.0
7f7717def000-7f7717df0000 rw-p 00021000 08:11 1313271                    /usr/lib/x86_64-linux-gnu/libxcb.so.1.1.0
7f7717df0000-7f7717dff000 r-xp 00000000 08:11 1316875                    /usr/lib/x86_64-linux-gnu/libXi.so.6.1.0
7f7717dff000-7f7717ffe000 ---p 0000f000 08:11 1316875                    /usr/lib/x86_64-linux-gnu/libXi.so.6.1.0
7f7717ffe000-7f7717fff000 r--p 0000e000 08:11 1316875                    /usr/lib/x86_64-linux-gnu/libXi.so.6.1.0
7f7717fff000-7f7718000000 rw-p 0000f000 08:11 1316875                    /usr/lib/x86_64-linux-gnu/libXi.so.6.1.0
7f7718000000-7f77183ba000 rw-p 00000000 00:00 0 
7f77183ba000-7f771c000000 ---p 00000000 00:00 0 
7f771c000000-7f771c021000 rw-p 00000000 00:00 0 
7f771c021000-7f7720000000 ---p 00000000 00:00 0 
7f7720000000-7f772020f000 rw-p 00000000 00:00 0 
7f772020f000-7f7724000000 ---p 00000000 00:00 0 
7f7724000000-7f772436e000 rw-p 00000000 00:00 0 
7f772436e000-7f7728000000 ---p 00000000 00:00 0 
7f7728000000-7f7728021000 rw-p 00000000 00:00 0 
7f7728021000-7f772c000000 ---p 00000000 00:00 0 
7f772c000000-7f772c021000 rw-p 00000000 00:00 0 
7f772c021000-7f7730000000 ---p 00000000 00:00 0 
7f7730000000-7f7730021000 rw-p 00000000 00:00 0 
7f7730021000-7f7734000000 ---p 00000000 00:00 0 
7f7734000000-7f7734021000 rw-p 00000000 00:00 0 
7f7734021000-7f7738000000 ---p 00000000 00:00 0 
7f7738000000-7f7738021000 rw-p 00000000 00:00 0 
7f7738021000-7f773c000000 ---p 00000000 00:00 0 
7f773c000000-7f773c021000 rw-p 00000000 00:00 0 
7f773c021000-7f7740000000 ---p 00000000 00:00 0 
7f7740000000-7f7740021000 rw-p 00000000 00:00 0 
7f7740021000-7f7744000000 ---p 00000000 00:00 0 
7f7744000000-7f7744021000 rw-p 00000000 00:00 0 
7f7744021000-7f7748000000 ---p 00000000 00:00 0 
7f7748000000-7f7748021000 rw-p 00000000 00:00 0 
7f7748021000-7f774c000000 ---p 00000000 00:00 0 
7f774c000000-7f774c021000 rw-p 00000000 00:00 0 
7f774c021000-7f7750000000 ---p 00000000 00:00 0 
7f7750000000-7f7750021000 rw-p 00000000 00:00 0 
7f7750021000-7f7754000000 ---p 00000000 00:00 0 
7f7754000000-7f7754008000 rw-s 00000000 00:04 1607649                    /drm mm object (deleted)
7f7754008000-7f775400c000 r--s 00094000 08:11 2238884                    /usr/lib/jvm/jdk1.8.0_31/jre/lib/jsse.jar
7f775400c000-7f775400f000 r--s 00041000 08:11 3961954                    /home/kof/processing-git/build/linux/work/lib/org-netbeans-swing-outline.jar
7f775400f000-7f775401c000 r--s 000c6000 08:11 3961908                    /home/kof/processing-git/build/linux/work/lib/jdimodel.jar
7f775401c000-7f7754020000 r--s 0000e000 08:11 3961907                    /home/kof/processing-git/build/linux/work/lib/jdi.jar
7f7754020000-7f775405c000 r--s 00629000 08:11 3961905                    /home/kof/processing-git/build/linux/work/lib/com.ibm.icu_4.4.2.v20110823.jar
7f775405c000-7f7754061000 r--s 00068000 08:11 3961904                    /home/kof/processing-git/build/linux/work/lib/antlr.jar
7f7754061000-7f7754066000 r-xp 00000000 08:11 1316638                    /usr/lib/x86_64-linux-gnu/libXtst.so.6.1.0
7f7754066000-7f7754265000 ---p 00005000 08:11 1316638                    /usr/lib/x86_64-linux-gnu/libXtst.so.6.1.0
7f7754265000-7f7754266000 r--p 00004000 08:11 1316638                    /usr/lib/x86_64-linux-gnu/libXtst.so.6.1.0
7f7754266000-7f7754267000 rw-p 00005000 08:11 1316638                    /usr/lib/x86_64-linux-gnu/libXtst.so.6.1.0
7f7754267000-7f7754270000 r-xp 00000000 08:11 1315494                    /usr/lib/x86_64-linux-gnu/libXrender.so.1.3.0
7f7754270000-7f775446f000 ---p 00009000 08:11 1315494                    /usr/lib/x86_64-linux-gnu/libXrender.so.1.3.0
7f775446f000-7f7754470000 r--p 00008000 08:11 1315494                    /usr/lib/x86_64-linux-gnu/libXrender.so.1.3.0
7f7754470000-7f7754471000 rw-p 00009000 08:11 1315494                    /usr/lib/x86_64-linux-gnu/libXrender.so.1.3.0
7f7754471000-7f77545ad000 r-xp 00000000 08:11 1313346                    /usr/lib/x86_64-linux-gnu/libX11.so.6.3.0
7f77545ad000-7f77547ac000 ---p 0013c000 08:11 1313346                    /usr/lib/x86_64-linux-gnu/libX11.so.6.3.0
7f77547ac000-7f77547ae000 r--p 0013b000 08:11 1313346                    /usr/lib/x86_64-linux-gnu/libX11.so.6.3.0
7f77547ae000-7f77547b3000 rw-p 0013d000 08:11 1313346                    /usr/lib/x86_64-linux-gnu/libX11.so.6.3.0
7f77547b3000-7f77547b4000 rw-p 00000000 00:00 0 
7f77547b4000-7f77547c5000 r-xp 00000000 08:11 1314987                    /usr/lib/x86_64-linux-gnu/libXext.so.6.4.0
7f77547c5000-7f77549c4000 ---p 00011000 08:11 1314987                    /usr/lib/x86_64-linux-gnu/libXext.so.6.4.0
7f77549c4000-7f77549c5000 r--p 00010000 08:11 1314987                    /usr/lib/x86_64-linux-gnu/libXext.so.6.4.0
7f77549c5000-7f77549c6000 rw-p 00011000 08:11 1314987                    /usr/lib/x86_64-linux-gnu/libXext.so.6.4.0
7f77549c6000-7f77549c7000 r--p 00000000 00:00 0 
7f77549c7000-7f77549c8000 rw-s 00000000 00:04 1607650                    /drm mm object (deleted)
7f77549c8000-7f77549e6000 r--s 001bb000 08:11 3961903                    /home/kof/processing-git/build/linux/work/lib/ant.jar
7f77549e6000-7f77549e8000 r--s 00002000 08:11 3961901                    /home/kof/processing-git/build/linux/work/lib/ant-launcher.jar
7f77549e8000-7f77549e9000 r--s 00002000 08:11 3962091                    /home/kof/processing-git/build/linux/work/modes/java/libraries/minim/library/tritonus_aos.jar
7f77549e9000-7f77549ec000 r--s 00017000 08:11 3962092                    /home/kof/processing-git/build/linux/work/modes/java/libraries/minim/library/tritonus_share.jar
7f77549ec000-7f77549ef000 r--s 00016000 08:11 3962089                    /home/kof/processing-git/build/linux/work/modes/java/libraries/minim/library/minim.jar
7f77549ef000-7f77549f2000 r--s 00017000 08:11 3962087                    /home/kof/processing-git/build/linux/work/modes/java/libraries/minim/library/jl1.0.jar
7f77549f2000-7f7754a15000 r--s 002ec000 08:11 3961895                    /home/kof/processing-git/build/linux/work/core/library/jogl-all.jar
7f7754a15000-7f7754a69000 r-xp 00000000 08:11 2240494                    /usr/lib/jvm/jdk1.8.0_31/jre/lib/amd64/libawt_xawt.so
7f7754a69000-7f7754c69000 ---p 00054000 08:11 2240494                    /usr/lib/jvm/jdk1.8.0_31/jre/lib/amd64/libawt_xawt.so
7f7754c69000-7f7754c6d000 rw-p 00054000 08:11 2240494                    /usr/lib/jvm/jdk1.8.0_31/jre/lib/amd64/libawt_xawt.so
7f7754c6d000-7f7754c6e000 rw-p 00000000 00:00 0 
7f7754c6e000-7f7754d10000 r-xp 00000000 08:11 2240462                    /usr/lib/jvm/jdk1.8.0_31/jre/lib/amd64/libawt.so
7f7754d10000-7f7754f10000 ---p 000a2000 08:11 2240462                    /usr/lib/jvm/jdk1.8.0_31/jre/lib/amd64/libawt.so
7f7754f10000-7f7754f1c000 rw-p 000a2000 08:11 2240462                    /usr/lib/jvm/jdk1.8.0_31/jre/lib/amd64/libawt.so
7f7754f1c000-7f7754f40000 rw-p 00000000 00:00 0 
7f7754f40000-7f7754f41000 ---p 00000000 00:00 0 
7f7754f41000-7f7755041000 rw-p 00000000 00:00 0                          [stack:17449]
7f7755041000-7f7755044000 ---p 00000000 00:00 0 
7f7755044000-7f7755142000 rw-p 00000000 00:00 0                          [stack:17448]
7f7755142000-7f7755145000 ---p 00000000 00:00 0 
7f7755145000-7f7755243000 rw-p 00000000 00:00 0                          [stack:17447]
7f7755243000-7f7755246000 ---p 00000000 00:00 0 
7f7755246000-7f7755344000 rw-p 00000000 00:00 0                          [stack:17446]
7f7755344000-7f7755347000 ---p 00000000 00:00 0 
7f7755347000-7f7755445000 rw-p 00000000 00:00 0                          [stack:17445]
7f7755445000-7f7755448000 ---p 00000000 00:00 0 
7f7755448000-7f7755546000 rw-p 00000000 00:00 0                          [stack:17431]
7f7755546000-7f7755549000 ---p 00000000 00:00 0 
7f7755549000-7f7755647000 rw-p 00000000 00:00 0                          [stack:17428]
7f7755647000-7f775564a000 ---p 00000000 00:00 0 
7f775564a000-7f7755748000 rw-p 00000000 00:00 0                          [stack:17427]
7f7755748000-7f775574c000 r-xp 00000000 08:11 2240426                    /usr/lib/jvm/jdk1.8.0_31/jre/lib/amd64/libdt_socket.so
7f775574c000-7f775594b000 ---p 00004000 08:11 2240426                    /usr/lib/jvm/jdk1.8.0_31/jre/lib/amd64/libdt_socket.so
7f775594b000-7f775594c000 rw-p 00003000 08:11 2240426                    /usr/lib/jvm/jdk1.8.0_31/jre/lib/amd64/libdt_socket.so
7f775594c000-7f775594f000 ---p 00000000 00:00 0 
7f775594f000-7f7755a4d000 rw-p 00000000 00:00 0                          [stack:17426]
7f7755a4d000-7f7755a50000 ---p 00000000 00:00 0 
7f7755a50000-7f7755b4e000 rw-p 00000000 00:00 0                          [stack:17425]
7f7755b4e000-7f7755b51000 ---p 00000000 00:00 0 
7f7755b51000-7f7755c4f000 rw-p 00000000 00:00 0                          [stack:17424]
7f7755c4f000-7f7755c50000 ---p 00000000 00:00 0 
7f7755c50000-7f7759000000 rw-p 00000000 00:00 0                          [stack:17423]
7f7759000000-7f7759610000 rwxp 00000000 00:00 0 
7f7759610000-7f7768000000 ---p 00000000 00:00 0 
7f7768000000-7f776845b000 rw-p 00000000 00:00 0 
7f776845b000-7f776c000000 ---p 00000000 00:00 0 
7f776c000000-7f776c002000 r--s 0000a000 08:11 3962088                    /home/kof/processing-git/build/linux/work/modes/java/libraries/minim/library/jsminim.jar
7f776c002000-7f776c003000 r--s 00005000 08:11 3962090                    /home/kof/processing-git/build/linux/work/modes/java/libraries/minim/library/mp3spi1.9.4.jar
7f776c003000-7f776c004000 r--s 00023000 08:11 3961890                    /home/kof/processing-git/build/linux/work/core/library/jogl-all-natives-linux-armv6hf.jar
7f776c004000-7f776c005000 r--s 00001000 08:11 3961887                    /home/kof/processing-git/build/linux/work/core/library/gluegen-rt-natives-windows-i586.jar
7f776c005000-7f776c006000 r--s 0002d000 08:11 3961894                    /home/kof/processing-git/build/linux/work/core/library/jogl-all-natives-windows-i586.jar
7f776c006000-7f776c007000 r--s 0002d000 08:11 3961891                    /home/kof/processing-git/build/linux/work/core/library/jogl-all-natives-linux-i586.jar
7f776c007000-7f776c008000 r--s 00064000 08:11 3961892                    /home/kof/processing-git/build/linux/work/core/library/jogl-all-natives-macosx-universal.jar
7f776c008000-7f776c00a000 r--s 00000000 08:11 3961884                    /home/kof/processing-git/build/linux/work/core/library/gluegen-rt-natives-linux-i586.jar
7f776c00a000-7f776c00b000 r--s 00001000 08:11 3961886                    /home/kof/processing-git/build/linux/work/core/library/gluegen-rt-natives-windows-amd64.jar
7f776c00b000-7f776c00d000 r--s 00034000 08:11 3961893                    /home/kof/processing-git/build/linux/work/core/library/jogl-all-natives-windows-amd64.jar
7f776c00d000-7f776c013000 r--s 000b1000 08:11 3961880                    /home/kof/processing-git/build/linux/work/core/library/core.jar
7f776c013000-7f776c015000 r--s 00000000 08:11 3961882                    /home/kof/processing-git/build/linux/work/core/library/gluegen-rt-natives-linux-amd64.jar
7f776c015000-7f776c339000 rw-p 00000000 00:00 0 
7f776c339000-7f776c50f000 r--s 03cae000 08:11 2238858                    /usr/lib/jvm/jdk1.8.0_31/jre/lib/rt.jar
7f776c50f000-7f776c767000 rw-p 00000000 00:00 0 
7f776c767000-7f776c768000 ---p 00000000 00:00 0 
7f776c768000-7f776c868000 rw-p 00000000 00:00 0                          [stack:17422]
7f776c868000-7f776c869000 ---p 00000000 00:00 0 
7f776c869000-7f776c969000 rw-p 00000000 00:00 0                          [stack:17421]
7f776c969000-7f776c96a000 ---p 00000000 00:00 0 
7f776c96a000-7f776ca6a000 rw-p 00000000 00:00 0                          [stack:17420]
7f776ca6a000-7f776ca6b000 ---p 00000000 00:00 0 
7f776ca6b000-7f776cb80000 rw-p 00000000 00:00 0                          [stack:17419]
7f776cb80000-7f776ccad000 ---p 00000000 00:00 0 
7f776ccad000-7f776ccc2000 rw-p 00000000 00:00 0 
7f776ccc2000-7f776cdee000 ---p 00000000 00:00 0 
7f776cdee000-7f776cdf9000 rw-p 00000000 00:00 0 
7f776cdf9000-7f776ce8f000 ---p 00000000 00:00 0 
7f776ce8f000-7f776cea9000 rw-p 00000000 00:00 0 
7f776cea9000-7f776d250000 ---p 00000000 00:00 0 
7f776d250000-7f776d26a000 r-xp 00000000 08:11 2240468                    /usr/lib/jvm/jdk1.8.0_31/jre/lib/amd64/libzip.so
7f776d26a000-7f776d46a000 ---p 0001a000 08:11 2240468                    /usr/lib/jvm/jdk1.8.0_31/jre/lib/amd64/libzip.so
7f776d46a000-7f776d46b000 rw-p 0001a000 08:11 2240468                    /usr/lib/jvm/jdk1.8.0_31/jre/lib/amd64/libzip.so
7f776d46b000-7f776d476000 r-xp 00000000 08:11 393930                     /lib/x86_64-linux-gnu/libnss_files-2.19.so
7f776d476000-7f776d675000 ---p 0000b000 08:11 393930                     /lib/x86_64-linux-gnu/libnss_files-2.19.so
7f776d675000-7f776d676000 r--p 0000a000 08:11 393930                     /lib/x86_64-linux-gnu/libnss_files-2.19.so
7f776d676000-7f776d677000 rw-p 0000b000 08:11 393930                     /lib/x86_64-linux-gnu/libnss_files-2.19.so
7f776d677000-7f776d681000 r-xp 00000000 08:11 393934                     /lib/x86_64-linux-gnu/libnss_nis-2.19.so
7f776d681000-7f776d880000 ---p 0000a000 08:11 393934                     /lib/x86_64-linux-gnu/libnss_nis-2.19.so
7f776d880000-7f776d881000 r--p 00009000 08:11 393934                     /lib/x86_64-linux-gnu/libnss_nis-2.19.so
7f776d881000-7f776d882000 rw-p 0000a000 08:11 393934                     /lib/x86_64-linux-gnu/libnss_nis-2.19.so
7f776d882000-7f776d897000 r-xp 00000000 08:11 393924                     /lib/x86_64-linux-gnu/libnsl-2.19.so
7f776d897000-7f776da96000 ---p 00015000 08:11 393924                     /lib/x86_64-linux-gnu/libnsl-2.19.so
7f776da96000-7f776da97000 r--p 00014000 08:11 393924                     /lib/x86_64-linux-gnu/libnsl-2.19.so
7f776da97000-7f776da98000 rw-p 00015000 08:11 393924                     /lib/x86_64-linux-gnu/libnsl-2.19.so
7f776da98000-7f776da9a000 rw-p 00000000 00:00 0 
7f776da9a000-7f776daa1000 r-xp 00000000 08:11 393926                     /lib/x86_64-linux-gnu/libnss_compat-2.19.so
7f776daa1000-7f776dca0000 ---p 00007000 08:11 393926                     /lib/x86_64-linux-gnu/libnss_compat-2.19.so
7f776dca0000-7f776dca1000 r--p 00006000 08:11 393926                     /lib/x86_64-linux-gnu/libnss_compat-2.19.so
7f776dca1000-7f776dca2000 rw-p 00007000 08:11 393926                     /lib/x86_64-linux-gnu/libnss_compat-2.19.so
7f776dca2000-7f776e38d000 r--p 00000000 08:11 1220119                    /usr/lib/locale/locale-archive
7f776e38d000-7f776e38f000 r-xp 00000000 08:11 2240428                    /usr/lib/jvm/jdk1.8.0_31/jre/lib/amd64/libnpt.so
7f776e38f000-7f776e58f000 ---p 00002000 08:11 2240428                    /usr/lib/jvm/jdk1.8.0_31/jre/lib/amd64/libnpt.so
7f776e58f000-7f776e590000 rw-p 00002000 08:11 2240428                    /usr/lib/jvm/jdk1.8.0_31/jre/lib/amd64/libnpt.so
7f776e590000-7f776e5c9000 r-xp 00000000 08:11 2240450                    /usr/lib/jvm/jdk1.8.0_31/jre/lib/amd64/libjdwp.so
7f776e5c9000-7f776e7c8000 ---p 00039000 08:11 2240450                    /usr/lib/jvm/jdk1.8.0_31/jre/lib/amd64/libjdwp.so
7f776e7c8000-7f776e7ca000 rw-p 00038000 08:11 2240450                    /usr/lib/jvm/jdk1.8.0_31/jre/lib/amd64/libjdwp.so
7f776e7ca000-7f776e7f4000 r-xp 00000000 08:11 2240458                    /usr/lib/jvm/jdk1.8.0_31/jre/lib/amd64/libjava.so
7f776e7f4000-7f776e9f4000 ---p 0002a000 08:11 2240458                    /usr/lib/jvm/jdk1.8.0_31/jre/lib/amd64/libjava.so
7f776e9f4000-7f776e9f6000 rw-p 0002a000 08:11 2240458                    /usr/lib/jvm/jdk1.8.0_31/jre/lib/amd64/libjava.so
7f776e9f6000-7f776ea03000 r-xp 00000000 08:11 2240466                    /usr/lib/jvm/jdk1.8.0_31/jre/lib/amd64/libverify.so
7f776ea03000-7f776ec03000 ---p 0000d000 08:11 2240466                    /usr/lib/jvm/jdk1.8.0_31/jre/lib/amd64/libverify.so
7f776ec03000-7f776ec05000 rw-p 0000d000 08:11 2240466                    /usr/lib/jvm/jdk1.8.0_31/jre/lib/amd64/libverify.so
7f776ec05000-7f776ec0c000 r-xp 00000000 08:11 393943                     /lib/x86_64-linux-gnu/librt-2.19.so
7f776ec0c000-7f776ee0b000 ---p 00007000 08:11 393943                     /lib/x86_64-linux-gnu/librt-2.19.so
7f776ee0b000-7f776ee0c000 r--p 00006000 08:11 393943                     /lib/x86_64-linux-gnu/librt-2.19.so
7f776ee0c000-7f776ee0d000 rw-p 00007000 08:11 393943                     /lib/x86_64-linux-gnu/librt-2.19.so
7f776ee0d000-7f776ef0d000 r-xp 00000000 08:11 393920                     /lib/x86_64-linux-gnu/libm-2.19.so
7f776ef0d000-7f776f10c000 ---p 00100000 08:11 393920                     /lib/x86_64-linux-gnu/libm-2.19.so
7f776f10c000-7f776f10d000 r--p 000ff000 08:11 393920                     /lib/x86_64-linux-gnu/libm-2.19.so
7f776f10d000-7f776f10e000 rw-p 00100000 08:11 393920                     /lib/x86_64-linux-gnu/libm-2.19.so
7f776f10e000-7f776fd7c000 r-xp 00000000 08:11 2240518                    /usr/lib/jvm/jdk1.8.0_31/jre/lib/amd64/server/libjvm.so
7f776fd7c000-7f776ff7b000 ---p 00c6e000 08:11 2240518                    /usr/lib/jvm/jdk1.8.0_31/jre/lib/amd64/server/libjvm.so
7f776ff7b000-7f7770051000 rw-p 00c6d000 08:11 2240518                    /usr/lib/jvm/jdk1.8.0_31/jre/lib/amd64/server/libjvm.so
7f7770051000-7f7770094000 rw-p 00000000 00:00 0 
7f7770094000-7f7770233000 r-xp 00000000 08:11 393896                     /lib/x86_64-linux-gnu/libc-2.19.so
7f7770233000-7f7770433000 ---p 0019f000 08:11 393896                     /lib/x86_64-linux-gnu/libc-2.19.so
7f7770433000-7f7770437000 r--p 0019f000 08:11 393896                     /lib/x86_64-linux-gnu/libc-2.19.so
7f7770437000-7f7770439000 rw-p 001a3000 08:11 393896                     /lib/x86_64-linux-gnu/libc-2.19.so
7f7770439000-7f777043d000 rw-p 00000000 00:00 0 
7f777043d000-7f7770440000 r-xp 00000000 08:11 393918                     /lib/x86_64-linux-gnu/libdl-2.19.so
7f7770440000-7f777063f000 ---p 00003000 08:11 393918                     /lib/x86_64-linux-gnu/libdl-2.19.so
7f777063f000-7f7770640000 r--p 00002000 08:11 393918                     /lib/x86_64-linux-gnu/libdl-2.19.so
7f7770640000-7f7770641000 rw-p 00003000 08:11 393918                     /lib/x86_64-linux-gnu/libdl-2.19.so
7f7770641000-7f7770656000 r-xp 00000000 08:11 2238630                    /usr/lib/jvm/jdk1.8.0_31/lib/amd64/jli/libjli.so
7f7770656000-7f7770855000 ---p 00015000 08:11 2238630                    /usr/lib/jvm/jdk1.8.0_31/lib/amd64/jli/libjli.so
7f7770855000-7f7770856000 rw-p 00014000 08:11 2238630                    /usr/lib/jvm/jdk1.8.0_31/lib/amd64/jli/libjli.so
7f7770856000-7f777086e000 r-xp 00000000 08:11 393668                     /lib/x86_64-linux-gnu/libpthread-2.19.so
7f777086e000-7f7770a6d000 ---p 00018000 08:11 393668                     /lib/x86_64-linux-gnu/libpthread-2.19.so
7f7770a6d000-7f7770a6e000 r--p 00017000 08:11 393668                     /lib/x86_64-linux-gnu/libpthread-2.19.so
7f7770a6e000-7f7770a6f000 rw-p 00018000 08:11 393668                     /lib/x86_64-linux-gnu/libpthread-2.19.so
7f7770a6f000-7f7770a73000 rw-p 00000000 00:00 0 
7f7770a73000-7f7770a93000 r-xp 00000000 08:11 393845                     /lib/x86_64-linux-gnu/ld-2.19.so
7f7770a93000-7f7770b3d000 rw-p 00000000 00:00 0 
7f7770b3d000-7f7770b40000 ---p 00000000 00:00 0 
7f7770b40000-7f7770c42000 rw-p 00000000 00:00 0                          [stack:17418]
7f7770c42000-7f7770c43000 r--s 00001000 08:11 3961885                    /home/kof/processing-git/build/linux/work/core/library/gluegen-rt-natives-macosx-universal.jar
7f7770c43000-7f7770c44000 r--s 00000000 08:11 3961883                    /home/kof/processing-git/build/linux/work/core/library/gluegen-rt-natives-linux-armv6hf.jar
7f7770c44000-7f7770c45000 r--s 0002f000 08:11 3961889                    /home/kof/processing-git/build/linux/work/core/library/jogl-all-natives-linux-amd64.jar
7f7770c45000-7f7770c4b000 r--s 00041000 08:11 3961888                    /home/kof/processing-git/build/linux/work/core/library/gluegen-rt.jar
7f7770c4b000-7f7770c87000 rw-p 00000000 00:00 0 
7f7770c87000-7f7770c8f000 rw-s 00000000 08:11 1988844                    /tmp/hsperfdata_kof/17416
7f7770c8f000-7f7770c90000 rw-p 00000000 00:00 0 
7f7770c90000-7f7770c91000 r--p 00000000 00:00 0 
7f7770c91000-7f7770c93000 rw-p 00000000 00:00 0 
7f7770c93000-7f7770c94000 r--p 00020000 08:11 393845                     /lib/x86_64-linux-gnu/ld-2.19.so
7f7770c94000-7f7770c95000 rw-p 00021000 08:11 393845                     /lib/x86_64-linux-gnu/ld-2.19.so
7f7770c95000-7f7770c96000 rw-p 00000000 00:00 0 
7fffa5076000-7fffa5099000 rw-p 00000000 00:00 0                          [stack]
7fffa516d000-7fffa516f000 r-xp 00000000 00:00 0                          [vdso]
7fffa516f000-7fffa5171000 r--p 00000000 00:00 0                          [vvar]
ffffffffff600000-ffffffffff601000 r-xp 00000000 00:00 0                  [vsyscall]

VM Arguments:
jvm_args: -agentlib:jdwp=transport=dt_socket,address=8716,server=y,suspend=y -Djava.library.path=:/home/kof/processing-git/build/linux/work/modes/java/libraries/minim/library:/usr/java/packages/lib/amd64:/usr/lib64:/lib64:/lib:/usr/lib -ea 
java_command: processing.core.PApplet --display=0 baudliner --sketch-path=/archive/kof/sketchBook/2015/02-unor/baudliner
java_class_path (initial): /tmp/vim-processing/baudliner:/home/kof/processing-git/build/linux/work/core/library/gluegen-rt.jar:/home/kof/processing-git/build/linux/work/core/library/jogl-all-natives-linux-amd64.jar:/home/kof/processing-git/build/linux/work/core/library/gluegen-rt-natives-linux-armv6hf.jar:/home/kof/processing-git/build/linux/work/core/library/gluegen-rt-natives-linux-amd64.jar:/home/kof/processing-git/build/linux/work/core/library/gluegen-rt-natives-macosx-universal.jar:/home/kof/processing-git/build/linux/work/core/library/core.jar:/home/kof/processing-git/build/linux/work/core/library/jogl-all-natives-windows-amd64.jar:/home/kof/processing-git/build/linux/work/core/library/gluegen-rt-natives-windows-amd64.jar:/home/kof/processing-git/build/linux/work/core/library/gluegen-rt-natives-linux-i586.jar:/home/kof/processing-git/build/linux/work/core/library/jogl-all-natives-macosx-universal.jar:/home/kof/processing-git/build/linux/work/core/library/jogl-all-natives-linux-i586.jar:/home/kof/processing-git/build/linux/work/core/library/jogl-all-natives-windows-i586.jar:/home/kof/processing-git/build/linux/work/core/library/gluegen-rt-natives-windows-i586.jar:/home/kof/processing-git/build/linux/work/core/library/jogl-all.jar:/home/kof/processing-git/build/linux/work/core/library/jogl-all-natives-linux-armv6hf.jar:/home/kof/processing-git/build/linux/work/core/library/gluegen-rt.jar:/home/kof/processing-git/build/linux/work/core/library/jogl-all-natives-linux-amd64.jar:/home/kof/processing-git/build/linux/work/core/library/gluegen-rt-natives-linux-armv6hf.jar:/home/kof/processing-git/build/linux/work/core/library/gluegen-rt-natives-linux-amd64.jar:/home/kof/processing-git/build/linux/work/core/library/gluegen-rt-natives-macosx-universal.jar:/home/kof/processing-git/build/linux/work/core/library/core.jar:/home/kof/processing-git/build/linux/work/core/library/jogl-all-natives-windows-amd64.jar:/home/kof/processing-git/build/linux/work/core/library/gluegen-r
Launcher Type: SUN_STANDARD

Environment Variables:
CLASSPATH=/usr/lib/jvm/jdk1.8.0_31/jre/lib/rt.jar:/home/kof/processing-git/build/linux/work/lib/ant-launcher.jar:/home/kof/processing-git/build/linux/work/lib/ant.jar:/home/kof/processing-git/build/linux/work/lib/antlr.jar:/home/kof/processing-git/build/linux/work/lib/com.ibm.icu_4.4.2.v20110823.jar:/home/kof/processing-git/build/linux/work/lib/jdi.jar:/home/kof/processing-git/build/linux/work/lib/jdimodel.jar:/home/kof/processing-git/build/linux/work/lib/jna.jar:/home/kof/processing-git/build/linux/work/lib/org-netbeans-swing-outline.jar:/home/kof/processing-git/build/linux/work/lib/org.eclipse.osgi_3.8.1.v20120830-144521.jar:/home/kof/processing-git/build/linux/work/lib/pde.jar:/home/kof/processing-git/build/linux/work/core/library/core.jar:/home/kof/processing-git/build/linux/work/core/library/gluegen-rt-natives-linux-amd64.jar:/home/kof/processing-git/build/linux/work/core/library/gluegen-rt-natives-linux-armv6hf.jar:/home/kof/processing-git/build/linux/work/core/library/gluegen-rt-natives-linux-i586.jar:/home/kof/processing-git/build/linux/work/core/library/gluegen-rt-natives-macosx-universal.jar:/home/kof/processing-git/build/linux/work/core/library/gluegen-rt-natives-windows-amd64.jar:/home/kof/processing-git/build/linux/work/core/library/gluegen-rt-natives-windows-i586.jar:/home/kof/processing-git/build/linux/work/core/library/gluegen-rt.jar:/home/kof/processing-git/build/linux/work/core/library/jogl-all-natives-linux-amd64.jar:/home/kof/processing-git/build/linux/work/core/library/jogl-all-natives-linux-armv6hf.jar:/home/kof/processing-git/build/linux/work/core/library/jogl-all-natives-linux-i586.jar:/home/kof/processing-git/build/linux/work/core/library/jogl-all-natives-macosx-universal.jar:/home/kof/processing-git/build/linux/work/core/library/jogl-all-natives-windows-amd64.jar:/home/kof/processing-git/build/linux/work/core/library/jogl-all-natives-windows-i586.jar:/home/kof/processing-git/build/linux/work/core/library/jogl-all.jar
PATH=/usr/lib/jvm/jdk1.8.0_31/bin:/usr/bin:/bin:/usr/sbin/:/home/kof/bin:/usr/local/bin
SHELL=/usr/bin/zsh
DISPLAY=:0.0

Signal Handlers:
SIGSEGV: [libjvm.so+0xa7a650], sa_mask[0]=11111111011111111101111111111110, sa_flags=SA_RESTART|SA_SIGINFO
SIGBUS: [libjvm.so+0xa7a650], sa_mask[0]=11111111011111111101111111111110, sa_flags=SA_RESTART|SA_SIGINFO
SIGFPE: [libjvm.so+0x8e28f0], sa_mask[0]=11111111011111111101111111111110, sa_flags=SA_RESTART|SA_SIGINFO
SIGPIPE: [libjvm.so+0x8e28f0], sa_mask[0]=11111111011111111101111111111110, sa_flags=SA_RESTART|SA_SIGINFO
SIGXFSZ: [libjvm.so+0x8e28f0], sa_mask[0]=11111111011111111101111111111110, sa_flags=SA_RESTART|SA_SIGINFO
SIGILL: [libjvm.so+0x8e28f0], sa_mask[0]=11111111011111111101111111111110, sa_flags=SA_RESTART|SA_SIGINFO
SIGUSR1: SIG_DFL, sa_mask[0]=00000000000000000000000000000000, sa_flags=none
SIGUSR2: [libjvm.so+0x8e4120], sa_mask[0]=00100000000000000000000000000000, sa_flags=SA_RESTART|SA_SIGINFO
SIGHUP: [libjvm.so+0x8e54e0], sa_mask[0]=11111111011111111101111111111110, sa_flags=SA_RESTART|SA_SIGINFO
SIGINT: [libjvm.so+0x8e54e0], sa_mask[0]=11111111011111111101111111111110, sa_flags=SA_RESTART|SA_SIGINFO
SIGTERM: [libjvm.so+0x8e54e0], sa_mask[0]=11111111011111111101111111111110, sa_flags=SA_RESTART|SA_SIGINFO
SIGQUIT: [libjvm.so+0x8e54e0], sa_mask[0]=11111111011111111101111111111110, sa_flags=SA_RESTART|SA_SIGINFO


---------------  S Y S T E M  ---------------

OS:PRETTY_NAME="Debian GNU/Linux 8 (jessie)"
NAME="Debian GNU/Linux"
VERSION_ID="8"
VERSION="8 (jessie)"
ID=debian
HOME_URL="http://www.debian.org/"
SUPPORT_URL="http://www.debian.org/support/"
BUG_REPORT_URL="https://bugs.debian.org/"

uname:Linux 3.16.0-4-amd64 #1 SMP Debian 3.16.7-ckt2-1 (2014-12-08) x86_64
libc:glibc 2.19 NPTL 2.19 
rlimit: STACK 8192k, CORE 0k, NPROC 15332, NOFILE 65536, AS infinity
load average:1.27 0.94 0.84

/proc/meminfo:
MemTotal:        3944792 kB
MemFree:          282788 kB
MemAvailable:    1984488 kB
Buffers:          143700 kB
Cached:          1507016 kB
SwapCached:         5184 kB
Active:          1881300 kB
Inactive:         986076 kB
Active(anon):     972384 kB
Inactive(anon):   502792 kB
Active(file):     908916 kB
Inactive(file):   483284 kB
Unevictable:       80384 kB
Mlocked:           84528 kB
SwapTotal:       3212284 kB
SwapFree:        3136736 kB
Dirty:              1156 kB
Writeback:             0 kB
AnonPages:       1294384 kB
Mapped:           379600 kB
Shmem:            258368 kB
Slab:             603728 kB
SReclaimable:     562904 kB
SUnreclaim:        40824 kB
KernelStack:       10144 kB
PageTables:        37100 kB
NFS_Unstable:          0 kB
Bounce:                0 kB
WritebackTmp:          0 kB
CommitLimit:     5184680 kB
Committed_AS:    4735844 kB
VmallocTotal:   34359738367 kB
VmallocUsed:      389244 kB
VmallocChunk:   34359313996 kB
HardwareCorrupted:     0 kB
AnonHugePages:         0 kB
HugePages_Total:       0
HugePages_Free:        0
HugePages_Rsvd:        0
HugePages_Surp:        0
Hugepagesize:       2048 kB
DirectMap4k:      161408 kB
DirectMap2M:     3917824 kB


CPU:total 4 (2 cores per cpu, 2 threads per core) family 6 model 42 stepping 7, cmov, cx8, fxsr, mmx, sse, sse2, sse3, ssse3, sse4.1, sse4.2, popcnt, avx, aes, clmul, ht, tsc, tscinvbit

/proc/cpuinfo:
processor	: 0
vendor_id	: GenuineIntel
cpu family	: 6
model		: 42
model name	: Intel(R) Core(TM) i5-2520M CPU @ 2.50GHz
stepping	: 7
microcode	: 0x29
cpu MHz		: 3005.859
cache size	: 3072 KB
physical id	: 0
siblings	: 4
core id		: 0
cpu cores	: 2
apicid		: 0
initial apicid	: 0
fpu		: yes
fpu_exception	: yes
cpuid level	: 13
wp		: yes
flags		: fpu vme de pse tsc msr pae mce cx8 apic sep mtrr pge mca cmov pat pse36 clflush dts acpi mmx fxsr sse sse2 ss ht tm pbe syscall nx rdtscp lm constant_tsc arch_perfmon pebs bts nopl xtopology nonstop_tsc aperfmperf eagerfpu pni pclmulqdq dtes64 monitor ds_cpl vmx smx est tm2 ssse3 cx16 xtpr pdcm pcid sse4_1 sse4_2 x2apic popcnt tsc_deadline_timer aes xsave avx lahf_lm ida arat epb xsaveopt pln pts dtherm tpr_shadow vnmi flexpriority ept vpid
bogomips	: 4983.97
clflush size	: 64
cache_alignment	: 64
address sizes	: 36 bits physical, 48 bits virtual
power management:

processor	: 1
vendor_id	: GenuineIntel
cpu family	: 6
model		: 42
model name	: Intel(R) Core(TM) i5-2520M CPU @ 2.50GHz
stepping	: 7
microcode	: 0x29
cpu MHz		: 3002.636
cache size	: 3072 KB
physical id	: 0
siblings	: 4
core id		: 0
cpu cores	: 2
apicid		: 1
initial apicid	: 1
fpu		: yes
fpu_exception	: yes
cpuid level	: 13
wp		: yes
flags		: fpu vme de pse tsc msr pae mce cx8 apic sep mtrr pge mca cmov pat pse36 clflush dts acpi mmx fxsr sse sse2 ss ht tm pbe syscall nx rdtscp lm constant_tsc arch_perfmon pebs bts nopl xtopology nonstop_tsc aperfmperf eagerfpu pni pclmulqdq dtes64 monitor ds_cpl vmx smx est tm2 ssse3 cx16 xtpr pdcm pcid sse4_1 sse4_2 x2apic popcnt tsc_deadline_timer aes xsave avx lahf_lm ida arat epb xsaveopt pln pts dtherm tpr_shadow vnmi flexpriority ept vpid
bogomips	: 4983.97
clflush size	: 64
cache_alignment	: 64
address sizes	: 36 bits physical, 48 bits virtual
power management:

processor	: 2
vendor_id	: GenuineIntel
cpu family	: 6
model		: 42
model name	: Intel(R) Core(TM) i5-2520M CPU @ 2.50GHz
stepping	: 7
microcode	: 0x29
cpu MHz		: 3013.574
cache size	: 3072 KB
physical id	: 0
siblings	: 4
core id		: 1
cpu cores	: 2
apicid		: 2
initial apicid	: 2
fpu		: yes
fpu_exception	: yes
cpuid level	: 13
wp		: yes
flags		: fpu vme de pse tsc msr pae mce cx8 apic sep mtrr pge mca cmov pat pse36 clflush dts acpi mmx fxsr sse sse2 ss ht tm pbe syscall nx rdtscp lm constant_tsc arch_perfmon pebs bts nopl xtopology nonstop_tsc aperfmperf eagerfpu pni pclmulqdq dtes64 monitor ds_cpl vmx smx est tm2 ssse3 cx16 xtpr pdcm pcid sse4_1 sse4_2 x2apic popcnt tsc_deadline_timer aes xsave avx lahf_lm ida arat epb xsaveopt pln pts dtherm tpr_shadow vnmi flexpriority ept vpid
bogomips	: 4983.97
clflush size	: 64
cache_alignment	: 64
address sizes	: 36 bits physical, 48 bits virtual
power management:

processor	: 3
vendor_id	: GenuineIntel
cpu family	: 6
model		: 42
model name	: Intel(R) Core(TM) i5-2520M CPU @ 2.50GHz
stepping	: 7
microcode	: 0x29
cpu MHz		: 3036.425
cache size	: 3072 KB
physical id	: 0
siblings	: 4
core id		: 1
cpu cores	: 2
apicid		: 3
initial apicid	: 3
fpu		: yes
fpu_exception	: yes
cpuid level	: 13
wp		: yes
flags		: fpu vme de pse tsc msr pae mce cx8 apic sep mtrr pge mca cmov pat pse36 clflush dts acpi mmx fxsr sse sse2 ss ht tm pbe syscall nx rdtscp lm constant_tsc arch_perfmon pebs bts nopl xtopology nonstop_tsc aperfmperf eagerfpu pni pclmulqdq dtes64 monitor ds_cpl vmx smx est tm2 ssse3 cx16 xtpr pdcm pcid sse4_1 sse4_2 x2apic popcnt tsc_deadline_timer aes xsave avx lahf_lm ida arat epb xsaveopt pln pts dtherm tpr_shadow vnmi flexpriority ept vpid
bogomips	: 4983.97
clflush size	: 64
cache_alignment	: 64
address sizes	: 36 bits physical, 48 bits virtual
power management:



Memory: 4k page, physical 3944792k(282788k free), swap 3212284k(3136736k free)

vm_info: Java HotSpot(TM) 64-Bit Server VM (25.31-b07) for linux-amd64 JRE (1.8.0_31-b13), built on Dec 17 2014 20:40:15 by "java_re" with gcc 4.3.0 20080428 (Red Hat 4.3.0-8)

time: Wed Feb  4 15:51:24 2015
elapsed time: 12 seconds (0d 0h 0m 12s)

